[2020-06-02 16:30:26,786] INFO - Phase 01:loading data sets......
[2020-06-02 16:30:26,787] INFO - Loading data......
[2020-06-02 16:30:30,769] INFO - getting targets......
[2020-06-02 16:30:30,775] INFO - getting Features......
[2020-06-02 16:30:30,846] INFO - splitting data into training and test data sets......
[2020-06-02 16:30:31,311] INFO - Phase 01 completed successfully
[2020-06-02 16:30:31,311] INFO - Phase 02:prepareing training features......
[2020-06-02 16:30:31,312] INFO - Converting days to years and then cutting them into discrete bins......
[2020-06-02 16:30:31,396] INFO - Setting Categorical Columns......
[2020-06-02 16:30:31,684] INFO - Clipping Outliers......
[2020-06-02 16:30:31,891] INFO - Fill Missing Values......
[2020-06-02 16:30:32,021] INFO - Change Categorical data into One-Hot-Encoding......
[2020-06-02 16:30:32,174] INFO - Keep only Non Zero Columns......
[2020-06-02 16:30:32,174] INFO - get nonzerocolumn serial......
[2020-06-02 16:30:32,289] INFO - Feature Scaling......
[2020-06-02 16:30:34,128] INFO - column FLAG_DOCUMENT_12_0,mean is not zero but stddev is zero,skipped
[2020-06-02 16:30:34,146] INFO - Checking duplicates......
[2020-06-02 16:30:34,315] INFO - There's no duplicate in the training set!
[2020-06-02 16:30:34,316] INFO - PCA Understanding......
[2020-06-02 16:30:36,108] INFO - PCA explained variance ratio: [4.69673850e-02 2.19187515e-02 1.69918364e-02 1.22181221e-02
 1.09348463e-02 9.83913397e-03 8.54557471e-03 8.33412265e-03
 7.37221339e-03 6.82489162e-03 6.71113019e-03 6.45281220e-03
 6.23545915e-03 5.79997777e-03 5.66928559e-03 5.54699111e-03
 5.40621089e-03 5.16281290e-03 5.04121437e-03 4.92572670e-03
 4.78099501e-03 4.68079212e-03 4.65224970e-03 4.59340972e-03
 4.56862877e-03 4.56034886e-03 4.54396965e-03 4.52622299e-03
 4.51070095e-03 4.49066598e-03 4.48199377e-03 4.46979434e-03
 4.46159343e-03 4.45411879e-03 4.39194220e-03 4.29133456e-03
 4.23315134e-03 4.15913828e-03 4.08566384e-03 4.04671584e-03
 3.98484574e-03 3.93902143e-03 3.88674427e-03 3.85674410e-03
 3.78336750e-03 3.74403555e-03 3.70532674e-03 3.66568499e-03
 3.65141262e-03 3.58160120e-03 3.56961187e-03 3.54686900e-03
 3.49223199e-03 3.43604349e-03 3.37829875e-03 3.31492983e-03
 3.30700838e-03 3.27313468e-03 3.21215473e-03 3.20911390e-03
 3.14011851e-03 3.11924546e-03 3.06118788e-03 3.04556538e-03
 3.01935862e-03 2.99279343e-03 2.95800473e-03 2.94472943e-03
 2.87431223e-03 2.85432050e-03 2.83442948e-03 2.81469101e-03
 2.81004055e-03 2.78362319e-03 2.77339922e-03 2.75089998e-03
 2.74207995e-03 2.73671190e-03 2.71443478e-03 2.70403862e-03
 2.69861293e-03 2.68891386e-03 2.67380192e-03 2.66595040e-03
 2.65961637e-03 2.64112855e-03 2.62921305e-03 2.62458603e-03
 2.62122453e-03 2.61051876e-03 2.60782216e-03 2.60013876e-03
 2.59095616e-03 2.58794609e-03 2.57798332e-03 2.56337990e-03
 2.56007211e-03 2.55707679e-03 2.55697252e-03 2.55055650e-03
 2.54368322e-03 2.54308188e-03 2.53015812e-03 2.52645228e-03
 2.51669403e-03 2.51535507e-03 2.50801836e-03 2.50556999e-03
 2.50482549e-03 2.49809669e-03 2.49363006e-03 2.48936668e-03
 2.48490804e-03 2.48276820e-03 2.47933381e-03 2.47403505e-03
 2.46626826e-03 2.46285443e-03 2.45743199e-03 2.45258082e-03
 2.45092733e-03 2.44497184e-03 2.44188887e-03 2.44140819e-03
 2.43565018e-03 2.43199806e-03 2.42750280e-03 2.42045339e-03
 2.41957707e-03 2.41658493e-03 2.41449258e-03 2.40972520e-03
 2.40628477e-03 2.40471189e-03 2.39902405e-03 2.39437443e-03
 2.39293645e-03 2.38677577e-03 2.38449868e-03 2.38101328e-03
 2.37944717e-03 2.37887258e-03 2.37207444e-03 2.36957363e-03
 2.36479998e-03 2.36162279e-03 2.35879998e-03 2.35797513e-03
 2.35601341e-03 2.34947484e-03 2.34870758e-03 2.34660619e-03
 2.34593714e-03 2.34342593e-03 2.33616002e-03 2.33399938e-03
 2.33135973e-03 2.32809388e-03 2.32524158e-03 2.32132255e-03
 2.32033684e-03 2.31775588e-03 2.31652400e-03 2.31331481e-03
 2.31227862e-03 2.30670637e-03 2.30467011e-03 2.30140644e-03
 2.29875046e-03 2.29721343e-03 2.29481225e-03 2.29388211e-03
 2.29095225e-03 2.28883320e-03 2.28549234e-03 2.28403916e-03
 2.28023230e-03 2.27870372e-03 2.27139529e-03 2.27078649e-03
 2.26840485e-03 2.26653579e-03 2.26539212e-03 2.26326173e-03
 2.26059171e-03 2.25757284e-03 2.25541716e-03 2.25406187e-03
 2.25226115e-03 2.25021813e-03 2.24622650e-03 2.24197668e-03
 2.24088229e-03 2.23988502e-03 2.23567958e-03 2.23415110e-03
 2.23277483e-03 2.22954567e-03 2.22939777e-03 2.22582645e-03
 2.22488067e-03 2.22029568e-03 2.21828336e-03 2.21722709e-03
 2.21557596e-03 2.21273092e-03 2.21143544e-03 2.21005341e-03
 2.20831540e-03 2.20605027e-03 2.20256900e-03 2.20046855e-03
 2.19496740e-03 2.19348471e-03 2.19223342e-03 2.18963353e-03
 2.18804824e-03 2.18516271e-03 2.18202969e-03 2.18044163e-03
 2.17943621e-03 2.17688438e-03 2.17520671e-03 2.17480862e-03
 2.17104133e-03 2.16936777e-03 2.16560142e-03 2.16343260e-03
 2.16248166e-03 2.15828313e-03 2.15569818e-03 2.15342889e-03
 2.15188126e-03 2.14723263e-03 2.14448273e-03 2.14292004e-03
 2.14191780e-03 2.13610734e-03 2.13548000e-03 2.13441008e-03
 2.13143098e-03 2.12847548e-03 2.12068309e-03 2.11845980e-03
 2.11722001e-03 2.11319467e-03 2.11158992e-03 2.10603286e-03
 2.10541904e-03 2.10143748e-03 2.09873184e-03 2.09559390e-03
 2.09169757e-03 2.08924199e-03 2.08565428e-03 2.08220990e-03
 2.07950189e-03 2.07788575e-03 2.07632983e-03 2.07355019e-03
 2.07091371e-03 2.06650505e-03 2.06553084e-03 2.05979610e-03
 2.05752116e-03 2.05408089e-03 2.04747903e-03 2.04439893e-03
 2.04113571e-03 2.03762343e-03 2.03600948e-03 2.02907218e-03
 2.02701347e-03 2.02210904e-03 2.02039759e-03 2.01845302e-03
 2.01523424e-03 2.00858462e-03 2.00392874e-03 1.99639617e-03
 1.99393367e-03 1.99030493e-03 1.98899240e-03 1.98392368e-03
 1.97731006e-03 1.97579110e-03 1.96969550e-03 1.96794316e-03
 1.96528634e-03 1.95830150e-03 1.94752867e-03 1.94345003e-03
 1.93806889e-03 1.93470825e-03 1.92820789e-03 1.92578921e-03
 1.92126815e-03 1.91696252e-03 1.91235194e-03 1.90591777e-03
 1.90213200e-03 1.89079725e-03 1.88525599e-03 1.88085130e-03
 1.87383650e-03 1.87121516e-03 1.86188095e-03 1.85481381e-03
 1.84721558e-03 1.83105962e-03 1.81821345e-03 1.81036775e-03
 1.79899526e-03 1.78021770e-03 1.77153466e-03 1.75427106e-03
 1.73482558e-03 1.71055853e-03 1.69414189e-03 1.66439783e-03
 1.62159624e-03 1.61259066e-03 1.59420630e-03 1.58467869e-03
 1.54744667e-03 1.52754047e-03 1.49605940e-03 1.47909014e-03
 1.47135694e-03 1.41471345e-03 1.39834149e-03 1.33762367e-03
 1.32022416e-03 1.27830469e-03 1.22380326e-03 1.19661721e-03
 1.18590006e-03 1.15137675e-03 1.12729263e-03 1.08138028e-03
 1.07871693e-03 1.04414316e-03 1.00444673e-03 9.31758656e-04
 9.03864230e-04 8.45808026e-04 8.10103095e-04 7.77200284e-04
 7.44959069e-04 6.97061405e-04 6.69595508e-04 6.11529077e-04
 4.78161346e-04 4.18462888e-04 3.65882140e-04 2.75147866e-04
 2.42023378e-04 2.20093782e-04 2.00894683e-04 1.85468843e-04
 1.70890290e-04 1.44875390e-04 1.01814320e-04 1.00599123e-04
 8.31787535e-05 7.13119810e-05 5.48978556e-05 4.66805207e-05
 4.55001954e-05 3.76499238e-05 3.62176674e-05 3.11165021e-05
 3.00792492e-05 2.73459302e-05 2.54673401e-05 2.08898573e-05
 1.75509207e-05 1.54828446e-05 1.40632623e-05 1.31098339e-05
 9.59171006e-06 8.82491504e-06 6.53310204e-06 6.39803702e-06
 5.38792253e-06 5.12760671e-06 4.59061608e-06 3.76446074e-06
 3.63127580e-06 2.96222709e-06 2.43722666e-06 2.35314071e-06
 1.45455947e-06 1.04281122e-06 4.59853391e-07 2.88824563e-07
 2.08217996e-32 9.90940048e-33 4.47933807e-33 4.27305427e-33
 3.77319579e-33 3.61794574e-33 3.22351621e-33 3.20264074e-33
 2.80187844e-33 2.72772153e-33 2.70805495e-33 2.53627076e-33
 2.43578378e-33 2.28694644e-33 2.24225602e-33 2.01943097e-33
 1.88514914e-33 1.82692027e-33 1.69588515e-33 1.56565658e-33
 1.38632082e-33 1.21857179e-33 1.03933780e-33 9.42359752e-34
 9.08802122e-34 6.93788540e-34 6.50738056e-34 6.48766370e-34
 5.64868604e-34 5.34718484e-34 4.14464727e-34 3.41437485e-34
 3.25412086e-34 2.40954180e-34 2.25094657e-34 2.01719484e-34
 2.01719484e-34 2.01719484e-34 2.01719484e-34 2.01719484e-34
 2.01719484e-34 2.01719484e-34 2.01719484e-34 2.01719484e-34
 2.01719484e-34 2.01719484e-34 2.01719484e-34 1.09623214e-34
 8.61598000e-35 8.07843723e-35 7.50471337e-35 3.40504374e-35
 2.31591058e-35 2.14180439e-36]
[2020-06-02 16:30:36,164] INFO - PCA explained variance ratio cumsum: [0.04696739 0.06888614 0.08587797 0.09809609 0.10903094 0.11887008
 0.12741565 0.13574977 0.14312199 0.14994688 0.15665801 0.16311082
 0.16934628 0.17514626 0.18081554 0.18636253 0.19176874 0.19693156
 0.20197277 0.2068985  0.21167949 0.21636029 0.22101254 0.22560595
 0.23017457 0.23473492 0.23927889 0.24380512 0.24831582 0.25280648
 0.25728848 0.26175827 0.26621986 0.27067398 0.27506592 0.27935726
 0.28359041 0.28774955 0.29183521 0.29588193 0.29986677 0.3038058
 0.30769254 0.31154928 0.31533265 0.31907669 0.32278201 0.3264477
 0.33009911 0.33368071 0.33725032 0.34079719 0.34428943 0.34772547
 0.35110377 0.3544187  0.35772571 0.36099884 0.364211   0.36742011
 0.37056023 0.37367947 0.37674066 0.37978623 0.38280559 0.38579838
 0.38875638 0.39170111 0.39457543 0.39742975 0.40026418 0.40307887
 0.40588891 0.40867253 0.41144593 0.41419683 0.41693891 0.41967562
 0.42239006 0.42509409 0.42779271 0.43048162 0.43315542 0.43582137
 0.43848099 0.44112212 0.44375133 0.44637592 0.44899714 0.45160766
 0.45421548 0.45681562 0.45940658 0.46199452 0.46457251 0.46713589
 0.46969596 0.47225304 0.47481001 0.47736056 0.47990425 0.48244733
 0.48497749 0.48750394 0.49002063 0.49253599 0.49504401 0.49754958
 0.5000544  0.5025525  0.50504613 0.5075355  0.5100204  0.51250317
 0.51498251 0.51745654 0.51992281 0.52238566 0.5248431  0.52729568
 0.5297466  0.53219158 0.53463347 0.53707487 0.53951052 0.54194252
 0.54437002 0.54679048 0.54921006 0.55162664 0.55404113 0.55645086
 0.55885714 0.56126185 0.56366088 0.56605525 0.56844819 0.57083497
 0.57321946 0.57560048 0.57797992 0.5803588  0.58273087 0.58510044
 0.58746524 0.58982687 0.59218567 0.59454364 0.59689966 0.59924913
 0.60159784 0.60394444 0.60629038 0.60863381 0.61096997 0.61330397
 0.61563533 0.61796342 0.62028866 0.62260999 0.62493032 0.62724808
 0.6295646  0.63187792 0.6341902  0.6364969  0.63880157 0.64110298
 0.64340173 0.64569894 0.64799375 0.65028764 0.65257859 0.65486742
 0.65715291 0.65943695 0.66171719 0.66399589 0.66626728 0.66853807
 0.67080648 0.67307301 0.6753384  0.67760167 0.67986226 0.68211983
 0.68437525 0.68662931 0.68888157 0.69113179 0.69337801 0.69561999
 0.69786087 0.70010076 0.70233644 0.70457059 0.70680336 0.70903291
 0.71126231 0.71348813 0.71571302 0.71793331 0.72015159 0.72236882
 0.7245844  0.72679713 0.72900856 0.73121862 0.73342693 0.73563298
 0.73783555 0.74003602 0.74223099 0.74442447 0.74661671 0.74880634
 0.75099439 0.75317955 0.75536158 0.75754202 0.75972146 0.76189834
 0.76407355 0.76624836 0.7684194  0.77058877 0.77275437 0.7749178
 0.77708028 0.77923857 0.78139426 0.78354769 0.78569957 0.78784681
 0.78999129 0.79213421 0.79427613 0.79641223 0.79854771 0.80068212
 0.80281356 0.80494203 0.80706271 0.80918117 0.81129839 0.81341159
 0.81552318 0.81762921 0.81973463 0.82183607 0.8239348  0.82603039
 0.82812209 0.83021133 0.83229699 0.8343792  0.8364587  0.83853658
 0.84061291 0.84268646 0.84475738 0.84682388 0.84888941 0.85094921
 0.85300673 0.85506081 0.85710829 0.85915269 0.86119383 0.86323145
 0.86526746 0.86729653 0.86932354 0.87134565 0.87336605 0.8753845
 0.87739974 0.87940832 0.88141225 0.88340865 0.88540258 0.88739289
 0.88938188 0.8913658  0.89334311 0.8953189  0.8972886  0.89925654
 0.90122183 0.90318013 0.90512766 0.90707111 0.90900918 0.91094389
 0.91287209 0.91479788 0.91671915 0.91863611 0.92054847 0.92245438
 0.92435652 0.92624731 0.92813257 0.93001342 0.93188726 0.93375847
 0.93562035 0.93747517 0.93932238 0.94115344 0.94297166 0.94478202
 0.94658102 0.94836124 0.95013277 0.95188704 0.95362187 0.95533243
 0.95702657 0.95869097 0.96031256 0.96192515 0.96351936 0.96510404
 0.96665148 0.96817902 0.96967508 0.97115417 0.97262553 0.97404024
 0.97543859 0.97677621 0.97809643 0.97937474 0.98059854 0.98179516
 0.98298106 0.98413244 0.98525973 0.98634111 0.98741983 0.98846397
 0.98946842 0.99040017 0.99130404 0.99214985 0.99295995 0.99373715
 0.99448211 0.99517917 0.99584877 0.9964603  0.99693846 0.99735692
 0.9977228  0.99799795 0.99823997 0.99846007 0.99866096 0.99884643
 0.99901732 0.9991622  0.99926401 0.99936461 0.99944779 0.9995191
 0.999574   0.99962068 0.99966618 0.99970383 0.99974005 0.99977116
 0.99980124 0.99982859 0.99985405 0.99987494 0.9998925  0.99990798
 0.99992204 0.99993515 0.99994474 0.99995357 0.9999601  0.9999665
 0.99997189 0.99997702 0.99998161 0.99998537 0.999989   0.99999196
 0.9999944  0.99999675 0.99999821 0.99999925 0.99999971 1.
 1.         1.         1.         1.         1.         1.
 1.         1.         1.         1.         1.         1.
 1.         1.         1.         1.         1.         1.
 1.         1.         1.         1.         1.         1.
 1.         1.         1.         1.         1.         1.
 1.         1.         1.         1.         1.         1.
 1.         1.         1.         1.         1.         1.
 1.         1.         1.         1.         1.         1.
 1.         1.         1.         1.         1.         1.        ]
[2020-06-02 16:30:36,454] INFO - pca.png has been written to ./doc/pca.png
[2020-06-02 16:30:36,479] INFO - Applying PCA for feature Reduction......
[2020-06-02 16:30:36,541] INFO - PCA fitting,n_components=406......
[2020-06-02 16:30:38,225] INFO - PCA transforming......
[2020-06-02 16:30:38,612] INFO - PCA explained variance ratio: [4.69673850e-02 2.19187515e-02 1.69918364e-02 1.22181221e-02
 1.09348463e-02 9.83913397e-03 8.54557471e-03 8.33412265e-03
 7.37221339e-03 6.82489162e-03 6.71113019e-03 6.45281220e-03
 6.23545915e-03 5.79997777e-03 5.66928559e-03 5.54699111e-03
 5.40621089e-03 5.16281290e-03 5.04121437e-03 4.92572670e-03
 4.78099501e-03 4.68079212e-03 4.65224970e-03 4.59340972e-03
 4.56862877e-03 4.56034886e-03 4.54396965e-03 4.52622299e-03
 4.51070095e-03 4.49066598e-03 4.48199377e-03 4.46979434e-03
 4.46159343e-03 4.45411879e-03 4.39194220e-03 4.29133456e-03
 4.23315134e-03 4.15913828e-03 4.08566384e-03 4.04671584e-03
 3.98484574e-03 3.93902143e-03 3.88674427e-03 3.85674410e-03
 3.78336750e-03 3.74403555e-03 3.70532674e-03 3.66568499e-03
 3.65141262e-03 3.58160120e-03 3.56961187e-03 3.54686900e-03
 3.49223199e-03 3.43604349e-03 3.37829875e-03 3.31492983e-03
 3.30700838e-03 3.27313468e-03 3.21215473e-03 3.20911390e-03
 3.14011851e-03 3.11924546e-03 3.06118788e-03 3.04556538e-03
 3.01935862e-03 2.99279343e-03 2.95800473e-03 2.94472943e-03
 2.87431223e-03 2.85432050e-03 2.83442948e-03 2.81469101e-03
 2.81004055e-03 2.78362319e-03 2.77339922e-03 2.75089998e-03
 2.74207995e-03 2.73671190e-03 2.71443478e-03 2.70403862e-03
 2.69861293e-03 2.68891386e-03 2.67380192e-03 2.66595040e-03
 2.65961637e-03 2.64112855e-03 2.62921305e-03 2.62458603e-03
 2.62122453e-03 2.61051876e-03 2.60782216e-03 2.60013876e-03
 2.59095616e-03 2.58794609e-03 2.57798332e-03 2.56337990e-03
 2.56007211e-03 2.55707679e-03 2.55697252e-03 2.55055650e-03
 2.54368322e-03 2.54308188e-03 2.53015812e-03 2.52645228e-03
 2.51669403e-03 2.51535507e-03 2.50801836e-03 2.50556999e-03
 2.50482549e-03 2.49809669e-03 2.49363006e-03 2.48936668e-03
 2.48490804e-03 2.48276820e-03 2.47933381e-03 2.47403505e-03
 2.46626826e-03 2.46285443e-03 2.45743199e-03 2.45258082e-03
 2.45092733e-03 2.44497184e-03 2.44188887e-03 2.44140819e-03
 2.43565018e-03 2.43199806e-03 2.42750280e-03 2.42045339e-03
 2.41957707e-03 2.41658493e-03 2.41449258e-03 2.40972520e-03
 2.40628477e-03 2.40471189e-03 2.39902405e-03 2.39437443e-03
 2.39293645e-03 2.38677577e-03 2.38449868e-03 2.38101328e-03
 2.37944717e-03 2.37887258e-03 2.37207444e-03 2.36957363e-03
 2.36479998e-03 2.36162279e-03 2.35879998e-03 2.35797513e-03
 2.35601341e-03 2.34947484e-03 2.34870758e-03 2.34660619e-03
 2.34593714e-03 2.34342593e-03 2.33616002e-03 2.33399938e-03
 2.33135973e-03 2.32809388e-03 2.32524158e-03 2.32132255e-03
 2.32033684e-03 2.31775588e-03 2.31652400e-03 2.31331481e-03
 2.31227862e-03 2.30670637e-03 2.30467011e-03 2.30140644e-03
 2.29875046e-03 2.29721343e-03 2.29481225e-03 2.29388211e-03
 2.29095225e-03 2.28883320e-03 2.28549234e-03 2.28403916e-03
 2.28023230e-03 2.27870372e-03 2.27139529e-03 2.27078649e-03
 2.26840485e-03 2.26653579e-03 2.26539212e-03 2.26326173e-03
 2.26059171e-03 2.25757284e-03 2.25541716e-03 2.25406187e-03
 2.25226115e-03 2.25021813e-03 2.24622650e-03 2.24197668e-03
 2.24088229e-03 2.23988502e-03 2.23567958e-03 2.23415110e-03
 2.23277483e-03 2.22954567e-03 2.22939777e-03 2.22582645e-03
 2.22488067e-03 2.22029568e-03 2.21828336e-03 2.21722709e-03
 2.21557596e-03 2.21273092e-03 2.21143544e-03 2.21005341e-03
 2.20831540e-03 2.20605027e-03 2.20256900e-03 2.20046855e-03
 2.19496740e-03 2.19348471e-03 2.19223342e-03 2.18963353e-03
 2.18804824e-03 2.18516271e-03 2.18202969e-03 2.18044163e-03
 2.17943621e-03 2.17688438e-03 2.17520671e-03 2.17480862e-03
 2.17104133e-03 2.16936777e-03 2.16560142e-03 2.16343260e-03
 2.16248166e-03 2.15828313e-03 2.15569818e-03 2.15342889e-03
 2.15188126e-03 2.14723263e-03 2.14448273e-03 2.14292004e-03
 2.14191780e-03 2.13610734e-03 2.13548000e-03 2.13441008e-03
 2.13143098e-03 2.12847548e-03 2.12068309e-03 2.11845980e-03
 2.11722001e-03 2.11319467e-03 2.11158992e-03 2.10603286e-03
 2.10541904e-03 2.10143748e-03 2.09873184e-03 2.09559390e-03
 2.09169757e-03 2.08924199e-03 2.08565428e-03 2.08220990e-03
 2.07950189e-03 2.07788575e-03 2.07632983e-03 2.07355019e-03
 2.07091371e-03 2.06650505e-03 2.06553084e-03 2.05979610e-03
 2.05752116e-03 2.05408089e-03 2.04747903e-03 2.04439893e-03
 2.04113571e-03 2.03762343e-03 2.03600948e-03 2.02907218e-03
 2.02701347e-03 2.02210904e-03 2.02039759e-03 2.01845302e-03
 2.01523424e-03 2.00858462e-03 2.00392874e-03 1.99639617e-03
 1.99393367e-03 1.99030493e-03 1.98899240e-03 1.98392368e-03
 1.97731006e-03 1.97579110e-03 1.96969550e-03 1.96794316e-03
 1.96528634e-03 1.95830150e-03 1.94752867e-03 1.94345003e-03
 1.93806889e-03 1.93470825e-03 1.92820789e-03 1.92578921e-03
 1.92126815e-03 1.91696252e-03 1.91235194e-03 1.90591777e-03
 1.90213200e-03 1.89079725e-03 1.88525599e-03 1.88085130e-03
 1.87383650e-03 1.87121516e-03 1.86188095e-03 1.85481381e-03
 1.84721558e-03 1.83105962e-03 1.81821345e-03 1.81036775e-03
 1.79899526e-03 1.78021770e-03 1.77153466e-03 1.75427106e-03
 1.73482558e-03 1.71055853e-03 1.69414189e-03 1.66439783e-03
 1.62159624e-03 1.61259066e-03 1.59420630e-03 1.58467869e-03
 1.54744667e-03 1.52754047e-03 1.49605940e-03 1.47909014e-03
 1.47135694e-03 1.41471345e-03 1.39834149e-03 1.33762367e-03
 1.32022416e-03 1.27830469e-03 1.22380326e-03 1.19661721e-03
 1.18590006e-03 1.15137675e-03 1.12729263e-03 1.08138028e-03
 1.07871693e-03 1.04414316e-03 1.00444673e-03 9.31758656e-04
 9.03864230e-04 8.45808026e-04 8.10103095e-04 7.77200284e-04
 7.44959069e-04 6.97061405e-04 6.69595508e-04 6.11529077e-04
 4.78161346e-04 4.18462888e-04 3.65882140e-04 2.75147866e-04
 2.42023378e-04 2.20093782e-04 2.00894683e-04 1.85468843e-04
 1.70890290e-04 1.44875390e-04 1.01814320e-04 1.00599123e-04
 8.31787535e-05 7.13119810e-05 5.48978556e-05 4.66805207e-05
 4.55001954e-05 3.76499238e-05 3.62176674e-05 3.11165021e-05
 3.00792492e-05 2.73459302e-05 2.54673401e-05 2.08898573e-05
 1.75509207e-05 1.54828446e-05 1.40632623e-05 1.31098339e-05
 9.59171006e-06 8.82491504e-06 6.53310204e-06 6.39803702e-06
 5.38792253e-06 5.12760671e-06 4.59061608e-06 3.76446074e-06
 3.63127580e-06 2.96222709e-06 2.43722666e-06 2.35314071e-06
 1.45455947e-06 1.04281122e-06 4.59853391e-07 2.88824563e-07
 2.08217996e-32 9.90940048e-33 4.47933807e-33 4.27305427e-33
 3.77319579e-33 3.61794574e-33 3.22351621e-33 3.20264074e-33
 2.80187844e-33 2.72772153e-33]
[2020-06-02 16:30:38,674] INFO - Feature Scaling for Ndarray......
[2020-06-02 16:30:39,284] INFO - transform parameters have been written to ./model/transform_parameters.pkl
[2020-06-02 16:30:39,285] INFO - Phase 02 completed successfully
[2020-06-02 16:30:39,285] INFO - Phase 03:data_prepareing test features......
[2020-06-02 16:30:39,286] INFO - Converting days to years and then cutting them into discrete bins......
[2020-06-02 16:30:39,329] INFO - Setting Categorical Columns......
[2020-06-02 16:30:39,454] INFO - Clipping Outliers......
[2020-06-02 16:30:39,584] INFO - Fill Missing Values......
[2020-06-02 16:30:39,628] INFO - Change Categorical data into One-Hot-Encoding......
[2020-06-02 16:30:39,720] INFO - Keep only Non Zero Columns......
[2020-06-02 16:30:39,738] INFO - Feature Scaling......
[2020-06-02 16:30:40,248] INFO - column FLAG_DOCUMENT_12_0,mean is not zero but stddev is zero,skipped
[2020-06-02 16:30:40,257] INFO - Applying PCA for feature Reduction......
[2020-06-02 16:30:40,327] INFO - PCA transforming......
[2020-06-02 16:30:40,433] INFO - PCA explained variance ratio: [4.69673850e-02 2.19187515e-02 1.69918364e-02 1.22181221e-02
 1.09348463e-02 9.83913397e-03 8.54557471e-03 8.33412265e-03
 7.37221339e-03 6.82489162e-03 6.71113019e-03 6.45281220e-03
 6.23545915e-03 5.79997777e-03 5.66928559e-03 5.54699111e-03
 5.40621089e-03 5.16281290e-03 5.04121437e-03 4.92572670e-03
 4.78099501e-03 4.68079212e-03 4.65224970e-03 4.59340972e-03
 4.56862877e-03 4.56034886e-03 4.54396965e-03 4.52622299e-03
 4.51070095e-03 4.49066598e-03 4.48199377e-03 4.46979434e-03
 4.46159343e-03 4.45411879e-03 4.39194220e-03 4.29133456e-03
 4.23315134e-03 4.15913828e-03 4.08566384e-03 4.04671584e-03
 3.98484574e-03 3.93902143e-03 3.88674427e-03 3.85674410e-03
 3.78336750e-03 3.74403555e-03 3.70532674e-03 3.66568499e-03
 3.65141262e-03 3.58160120e-03 3.56961187e-03 3.54686900e-03
 3.49223199e-03 3.43604349e-03 3.37829875e-03 3.31492983e-03
 3.30700838e-03 3.27313468e-03 3.21215473e-03 3.20911390e-03
 3.14011851e-03 3.11924546e-03 3.06118788e-03 3.04556538e-03
 3.01935862e-03 2.99279343e-03 2.95800473e-03 2.94472943e-03
 2.87431223e-03 2.85432050e-03 2.83442948e-03 2.81469101e-03
 2.81004055e-03 2.78362319e-03 2.77339922e-03 2.75089998e-03
 2.74207995e-03 2.73671190e-03 2.71443478e-03 2.70403862e-03
 2.69861293e-03 2.68891386e-03 2.67380192e-03 2.66595040e-03
 2.65961637e-03 2.64112855e-03 2.62921305e-03 2.62458603e-03
 2.62122453e-03 2.61051876e-03 2.60782216e-03 2.60013876e-03
 2.59095616e-03 2.58794609e-03 2.57798332e-03 2.56337990e-03
 2.56007211e-03 2.55707679e-03 2.55697252e-03 2.55055650e-03
 2.54368322e-03 2.54308188e-03 2.53015812e-03 2.52645228e-03
 2.51669403e-03 2.51535507e-03 2.50801836e-03 2.50556999e-03
 2.50482549e-03 2.49809669e-03 2.49363006e-03 2.48936668e-03
 2.48490804e-03 2.48276820e-03 2.47933381e-03 2.47403505e-03
 2.46626826e-03 2.46285443e-03 2.45743199e-03 2.45258082e-03
 2.45092733e-03 2.44497184e-03 2.44188887e-03 2.44140819e-03
 2.43565018e-03 2.43199806e-03 2.42750280e-03 2.42045339e-03
 2.41957707e-03 2.41658493e-03 2.41449258e-03 2.40972520e-03
 2.40628477e-03 2.40471189e-03 2.39902405e-03 2.39437443e-03
 2.39293645e-03 2.38677577e-03 2.38449868e-03 2.38101328e-03
 2.37944717e-03 2.37887258e-03 2.37207444e-03 2.36957363e-03
 2.36479998e-03 2.36162279e-03 2.35879998e-03 2.35797513e-03
 2.35601341e-03 2.34947484e-03 2.34870758e-03 2.34660619e-03
 2.34593714e-03 2.34342593e-03 2.33616002e-03 2.33399938e-03
 2.33135973e-03 2.32809388e-03 2.32524158e-03 2.32132255e-03
 2.32033684e-03 2.31775588e-03 2.31652400e-03 2.31331481e-03
 2.31227862e-03 2.30670637e-03 2.30467011e-03 2.30140644e-03
 2.29875046e-03 2.29721343e-03 2.29481225e-03 2.29388211e-03
 2.29095225e-03 2.28883320e-03 2.28549234e-03 2.28403916e-03
 2.28023230e-03 2.27870372e-03 2.27139529e-03 2.27078649e-03
 2.26840485e-03 2.26653579e-03 2.26539212e-03 2.26326173e-03
 2.26059171e-03 2.25757284e-03 2.25541716e-03 2.25406187e-03
 2.25226115e-03 2.25021813e-03 2.24622650e-03 2.24197668e-03
 2.24088229e-03 2.23988502e-03 2.23567958e-03 2.23415110e-03
 2.23277483e-03 2.22954567e-03 2.22939777e-03 2.22582645e-03
 2.22488067e-03 2.22029568e-03 2.21828336e-03 2.21722709e-03
 2.21557596e-03 2.21273092e-03 2.21143544e-03 2.21005341e-03
 2.20831540e-03 2.20605027e-03 2.20256900e-03 2.20046855e-03
 2.19496740e-03 2.19348471e-03 2.19223342e-03 2.18963353e-03
 2.18804824e-03 2.18516271e-03 2.18202969e-03 2.18044163e-03
 2.17943621e-03 2.17688438e-03 2.17520671e-03 2.17480862e-03
 2.17104133e-03 2.16936777e-03 2.16560142e-03 2.16343260e-03
 2.16248166e-03 2.15828313e-03 2.15569818e-03 2.15342889e-03
 2.15188126e-03 2.14723263e-03 2.14448273e-03 2.14292004e-03
 2.14191780e-03 2.13610734e-03 2.13548000e-03 2.13441008e-03
 2.13143098e-03 2.12847548e-03 2.12068309e-03 2.11845980e-03
 2.11722001e-03 2.11319467e-03 2.11158992e-03 2.10603286e-03
 2.10541904e-03 2.10143748e-03 2.09873184e-03 2.09559390e-03
 2.09169757e-03 2.08924199e-03 2.08565428e-03 2.08220990e-03
 2.07950189e-03 2.07788575e-03 2.07632983e-03 2.07355019e-03
 2.07091371e-03 2.06650505e-03 2.06553084e-03 2.05979610e-03
 2.05752116e-03 2.05408089e-03 2.04747903e-03 2.04439893e-03
 2.04113571e-03 2.03762343e-03 2.03600948e-03 2.02907218e-03
 2.02701347e-03 2.02210904e-03 2.02039759e-03 2.01845302e-03
 2.01523424e-03 2.00858462e-03 2.00392874e-03 1.99639617e-03
 1.99393367e-03 1.99030493e-03 1.98899240e-03 1.98392368e-03
 1.97731006e-03 1.97579110e-03 1.96969550e-03 1.96794316e-03
 1.96528634e-03 1.95830150e-03 1.94752867e-03 1.94345003e-03
 1.93806889e-03 1.93470825e-03 1.92820789e-03 1.92578921e-03
 1.92126815e-03 1.91696252e-03 1.91235194e-03 1.90591777e-03
 1.90213200e-03 1.89079725e-03 1.88525599e-03 1.88085130e-03
 1.87383650e-03 1.87121516e-03 1.86188095e-03 1.85481381e-03
 1.84721558e-03 1.83105962e-03 1.81821345e-03 1.81036775e-03
 1.79899526e-03 1.78021770e-03 1.77153466e-03 1.75427106e-03
 1.73482558e-03 1.71055853e-03 1.69414189e-03 1.66439783e-03
 1.62159624e-03 1.61259066e-03 1.59420630e-03 1.58467869e-03
 1.54744667e-03 1.52754047e-03 1.49605940e-03 1.47909014e-03
 1.47135694e-03 1.41471345e-03 1.39834149e-03 1.33762367e-03
 1.32022416e-03 1.27830469e-03 1.22380326e-03 1.19661721e-03
 1.18590006e-03 1.15137675e-03 1.12729263e-03 1.08138028e-03
 1.07871693e-03 1.04414316e-03 1.00444673e-03 9.31758656e-04
 9.03864230e-04 8.45808026e-04 8.10103095e-04 7.77200284e-04
 7.44959069e-04 6.97061405e-04 6.69595508e-04 6.11529077e-04
 4.78161346e-04 4.18462888e-04 3.65882140e-04 2.75147866e-04
 2.42023378e-04 2.20093782e-04 2.00894683e-04 1.85468843e-04
 1.70890290e-04 1.44875390e-04 1.01814320e-04 1.00599123e-04
 8.31787535e-05 7.13119810e-05 5.48978556e-05 4.66805207e-05
 4.55001954e-05 3.76499238e-05 3.62176674e-05 3.11165021e-05
 3.00792492e-05 2.73459302e-05 2.54673401e-05 2.08898573e-05
 1.75509207e-05 1.54828446e-05 1.40632623e-05 1.31098339e-05
 9.59171006e-06 8.82491504e-06 6.53310204e-06 6.39803702e-06
 5.38792253e-06 5.12760671e-06 4.59061608e-06 3.76446074e-06
 3.63127580e-06 2.96222709e-06 2.43722666e-06 2.35314071e-06
 1.45455947e-06 1.04281122e-06 4.59853391e-07 2.88824563e-07
 2.08217996e-32 9.90940048e-33 4.47933807e-33 4.27305427e-33
 3.77319579e-33 3.61794574e-33 3.22351621e-33 3.20264074e-33
 2.80187844e-33 2.72772153e-33]
[2020-06-02 16:30:40,453] INFO - Feature Scaling for Ndarray......
[2020-06-02 16:30:40,607] INFO - Phase 03  completed successfully
[2020-06-02 16:30:40,608] INFO - Phase 04  Check the similarity between test and train data......
[2020-06-02 16:30:40,608] INFO - checking Similarity between train sets and test sets......
[2020-06-02 16:30:40,817] INFO - train mean:1.4884645240491754e-18,trarin stddev:1.0000000000000004,test mean:5.460328412737716e-19,test stddev:1.0000000000000002
[2020-06-02 16:30:41,225] INFO - object ./data/training_features_array.pkl have been written to training_features_array
[2020-06-02 16:30:41,227] INFO - object ./data/training_targets_array.pkl have been written to training_targets_array
[2020-06-02 16:30:41,297] INFO - object ./data/test_features_array.pkl have been written to test_features_array
[2020-06-02 16:30:41,299] INFO - object ./data/test_targets_array.pkl have been written to test_targets_array
[2020-06-02 16:30:41,299] INFO - Phase 04  completed successfully
[2020-06-02 16:30:41,300] INFO - Phase 05:Modelling......
[2020-06-02 16:30:41,374] INFO - SGD for Linear Regression......
[2020-06-02 16:30:41,375] INFO - param1_name:alpha,param1_range:[0.0003],param2_name:eta0,param2_range:[0.003]
[2020-06-02 16:31:24,509] INFO - alpha=0.0003,eta0=0.003,train_roc_auc_score:0.7749048127023584,validation_roc_auc_score:0.7326053030763735,test_roc_auc_score:0.7270353674372713
[2020-06-02 16:31:24,509] INFO - New test roc_auc_score benchmark! This  model will be used as the best model up to date
[2020-06-02 16:31:24,511] INFO - Model has been written to ./model/best_model.pkl
[2020-06-02 16:31:24,511] INFO - Random Forest Tree......
[2020-06-02 16:31:24,513] INFO - param1_name:n_estimators,param1_range:[1000],param2_name:min_samples_leaf,param2_range:[100 150 200]
[2020-06-02 16:34:06,627] INFO - n_estimators=1000,min_samples_leaf=100,train_roc_auc_score:0.9617861869093884,validation_roc_auc_score:0.6897421094961846,test_roc_auc_score:0.6922844083076765
[2020-06-02 16:34:06,628] INFO - New test roc_auc_score benchmark! This  model will be used as the best model up to date
[2020-06-02 16:34:06,629] INFO - Model has been written to ./model/best_model.pkl
[2020-06-02 16:36:39,091] INFO - n_estimators=1000,min_samples_leaf=150,train_roc_auc_score:0.9281091864971615,validation_roc_auc_score:0.6854577815540925,test_roc_auc_score:0.6934940805908547
[2020-06-02 16:36:39,092] INFO - New test roc_auc_score benchmark! This  model will be used as the best model up to date
[2020-06-02 16:36:39,093] INFO - Model has been written to ./model/best_model.pkl
[2020-06-02 16:38:53,749] INFO - n_estimators=1000,min_samples_leaf=200,train_roc_auc_score:0.8996138218748362,validation_roc_auc_score:0.6849175296849452,test_roc_auc_score:0.6899551865178517
[2020-06-02 16:38:53,754] INFO - param1_name:n_estimators,param1_range:[10000],param2_name:learning_rate,param2_range:[0.02]
[2020-06-02 16:48:27,775] INFO - n_estimators=10000,learning_rate=0.02,train_roc_auc_score:1.0,validation_roc_auc_score:0.7030122200133446,test_roc_auc_score:0.6980235034174749
[2020-06-02 16:48:27,776] INFO - New test roc_auc_score benchmark! This  model will be used as the best model up to date
[2020-06-02 16:48:27,777] INFO - Model has been written to ./model/best_model.pkl
[2020-06-02 18:25:13,193] INFO - object ./data/training_features_array.pkl have been loaded from training_features_array
[2020-06-02 18:25:13,200] INFO - object ./data/training_targets_array.pkl have been loaded from training_targets_array
[2020-06-02 18:25:13,239] INFO - object ./data/test_features_array.pkl have been loaded from test_features_array
[2020-06-02 18:25:13,245] INFO - object ./data/test_targets_array.pkl have been loaded from test_targets_array
[2020-06-02 18:25:13,246] INFO - Phase 05:Modelling......
[2020-06-02 18:25:13,322] INFO - SGD for Linear Regression......
[2020-06-02 18:25:13,323] INFO - param1_name:alpha,param1_range:[0.0003],param2_name:eta0,param2_range:[0.003]
[2020-06-02 18:25:53,098] INFO - alpha=0.0003,eta0=0.003,train_roc_auc_score:0.7749038895961801,validation_roc_auc_score:0.732597166108071,test_roc_auc_score:0.7270565969666973
[2020-06-02 18:25:53,098] INFO - New test roc_auc_score benchmark:test_roc_auc_score:0.7270565969666973,test_roc_auc_score_best:0
[2020-06-02 18:25:53,099] INFO - Model has been written to ./model/best_model.pkl
[2020-06-02 18:25:53,099] INFO - Random Forest Tree......
[2020-06-02 18:25:53,100] INFO - param1_name:n_estimators,param1_range:[1000],param2_name:min_samples_leaf,param2_range:[100 150 200]
[2020-06-02 18:28:10,980] INFO - n_estimators=1000,min_samples_leaf=100,train_roc_auc_score:0.9617861869093884,validation_roc_auc_score:0.6897421094961846,test_roc_auc_score:0.6922844083076765
[2020-06-02 18:28:10,980] INFO - New test roc_auc_score benchmark:test_roc_auc_score:0.6922844083076765,test_roc_auc_score_best:0
[2020-06-02 18:28:11,094] INFO - Model has been written to ./model/best_model.pkl
[2020-06-02 18:30:26,948] INFO - n_estimators=1000,min_samples_leaf=150,train_roc_auc_score:0.9281091864971615,validation_roc_auc_score:0.6854577815540925,test_roc_auc_score:0.6934940805908547
[2020-06-02 18:30:26,949] INFO - New test roc_auc_score benchmark:test_roc_auc_score:0.6934940805908547,test_roc_auc_score_best:0.6922844083076765
[2020-06-02 18:30:27,047] INFO - Model has been written to ./model/best_model.pkl
[2020-06-02 18:32:36,055] INFO - n_estimators=1000,min_samples_leaf=200,train_roc_auc_score:0.8996138218748362,validation_roc_auc_score:0.6849175296849452,test_roc_auc_score:0.6899551865178517
[2020-06-02 18:32:36,064] INFO - param1_name:n_estimators,param1_range:[10000],param2_name:learning_rate,param2_range:[0.02]
[2020-06-02 18:38:37,566] INFO - n_estimators=10000,learning_rate=0.02,train_roc_auc_score:1.0,validation_roc_auc_score:0.7030122200133446,test_roc_auc_score:0.6980235034174749
[2020-06-02 18:38:37,567] INFO - New test roc_auc_score benchmark:test_roc_auc_score:0.6980235034174749,test_roc_auc_score_best:0
[2020-06-02 18:38:38,428] INFO - Model has been written to ./model/best_model.pkl
[2020-06-02 20:07:23,417] INFO - object ./data/training_features_array.pkl have been loaded from training_features_array
[2020-06-02 20:07:23,419] INFO - object ./data/training_targets_array.pkl have been loaded from training_targets_array
[2020-06-02 20:07:23,453] INFO - object ./data/test_features_array.pkl have been loaded from test_features_array
[2020-06-02 20:07:23,454] INFO - object ./data/test_targets_array.pkl have been loaded from test_targets_array
[2020-06-02 20:07:23,454] INFO - Phase 05:Modelling......
[2020-06-02 20:07:23,529] INFO - SGD for Linear Regression......
[2020-06-02 20:07:23,529] INFO - param1_name:alpha,param1_range:[0.0003],param2_name:eta0,param2_range:[0.003]
[2020-06-02 20:08:02,884] INFO - alpha=0.0003,eta0=0.003,train_roc_auc_score:0.7749044381085468,validation_roc_auc_score:0.7326134400446763,test_roc_auc_score:0.7270266016960888
[2020-06-02 20:08:02,885] INFO - New test roc_auc_score benchmark:test_roc_auc_score:0.7270266016960888,test_roc_auc_score_best:0
[2020-06-02 20:08:02,887] INFO - Model has been written to ./model/best_model.pkl
[2020-06-02 20:08:02,887] INFO - Random Forest Tree......
[2020-06-02 20:08:02,888] INFO - param1_name:n_estimators,param1_range:[1000],param2_name:min_samples_leaf,param2_range:[100 150 200]
[2020-06-02 20:10:20,207] INFO - n_estimators=1000,min_samples_leaf=100,train_roc_auc_score:0.9617861869093884,validation_roc_auc_score:0.6897421094961846,test_roc_auc_score:0.6922844083076765
[2020-06-02 20:12:34,074] INFO - n_estimators=1000,min_samples_leaf=150,train_roc_auc_score:0.9281091864971615,validation_roc_auc_score:0.6854577815540925,test_roc_auc_score:0.6934940805908547
[2020-06-02 20:14:43,963] INFO - n_estimators=1000,min_samples_leaf=200,train_roc_auc_score:0.8996138218748362,validation_roc_auc_score:0.6849175296849452,test_roc_auc_score:0.6899551865178517
[2020-06-02 20:14:43,969] INFO - param1_name:n_estimators,param1_range:[10000],param2_name:learning_rate,param2_range:[0.02]
[2020-06-02 20:20:42,646] INFO - n_estimators=10000,learning_rate=0.02,train_roc_auc_score:1.0,validation_roc_auc_score:0.7030122200133446,test_roc_auc_score:0.6980235034174749
[2020-06-02 20:20:53,837] INFO - Phase 01:loading parameters......
[2020-06-02 20:20:53,855] INFO - transform parameters have been loaded from ./model/transform_parameters.pkl
[2020-06-02 20:20:53,858] INFO - Phase 02:loading data sets......
[2020-06-02 20:20:53,859] INFO - Loading data......
[2020-06-02 20:20:54,538] INFO - Phase 01 completed successfully
[2020-06-02 20:20:54,539] INFO - Phase 03:data_prepareing test features......
[2020-06-02 20:20:54,540] INFO - Converting days to years and then cutting them into discrete bins......
[2020-06-02 20:20:54,639] INFO - Setting Categorical Columns......
[2020-06-02 20:20:54,972] INFO - Clipping Outliers......
[2020-06-02 20:20:55,137] INFO - Fill Missing Values......
[2020-06-02 20:20:55,225] INFO - Change Categorical data into One-Hot-Encoding......
[2020-06-02 20:20:55,409] INFO - Keep only Non Zero Columns......
[2020-06-02 20:20:55,484] INFO - Feature Scaling......
[2020-06-02 20:20:57,596] INFO - column FLAG_DOCUMENT_12_0,mean is not zero but stddev is zero,skipped
[2020-06-02 20:20:57,611] INFO - Applying PCA for feature Reduction......
[2020-06-02 20:20:57,868] INFO - PCA transforming......
[2020-06-02 20:20:58,334] INFO - PCA explained variance ratio: [4.69673850e-02 2.19187515e-02 1.69918364e-02 1.22181221e-02
 1.09348463e-02 9.83913397e-03 8.54557471e-03 8.33412265e-03
 7.37221339e-03 6.82489162e-03 6.71113019e-03 6.45281220e-03
 6.23545915e-03 5.79997777e-03 5.66928559e-03 5.54699111e-03
 5.40621089e-03 5.16281290e-03 5.04121437e-03 4.92572670e-03
 4.78099501e-03 4.68079212e-03 4.65224970e-03 4.59340972e-03
 4.56862877e-03 4.56034886e-03 4.54396965e-03 4.52622299e-03
 4.51070095e-03 4.49066598e-03 4.48199377e-03 4.46979434e-03
 4.46159343e-03 4.45411879e-03 4.39194220e-03 4.29133456e-03
 4.23315134e-03 4.15913828e-03 4.08566384e-03 4.04671584e-03
 3.98484574e-03 3.93902143e-03 3.88674427e-03 3.85674410e-03
 3.78336750e-03 3.74403555e-03 3.70532674e-03 3.66568499e-03
 3.65141262e-03 3.58160120e-03 3.56961187e-03 3.54686900e-03
 3.49223199e-03 3.43604349e-03 3.37829875e-03 3.31492983e-03
 3.30700838e-03 3.27313468e-03 3.21215473e-03 3.20911390e-03
 3.14011851e-03 3.11924546e-03 3.06118788e-03 3.04556538e-03
 3.01935862e-03 2.99279343e-03 2.95800473e-03 2.94472943e-03
 2.87431223e-03 2.85432050e-03 2.83442948e-03 2.81469101e-03
 2.81004055e-03 2.78362319e-03 2.77339922e-03 2.75089998e-03
 2.74207995e-03 2.73671190e-03 2.71443478e-03 2.70403862e-03
 2.69861293e-03 2.68891386e-03 2.67380192e-03 2.66595040e-03
 2.65961637e-03 2.64112855e-03 2.62921305e-03 2.62458603e-03
 2.62122453e-03 2.61051876e-03 2.60782216e-03 2.60013876e-03
 2.59095616e-03 2.58794609e-03 2.57798332e-03 2.56337990e-03
 2.56007211e-03 2.55707679e-03 2.55697252e-03 2.55055650e-03
 2.54368322e-03 2.54308188e-03 2.53015812e-03 2.52645228e-03
 2.51669403e-03 2.51535507e-03 2.50801836e-03 2.50556999e-03
 2.50482549e-03 2.49809669e-03 2.49363006e-03 2.48936668e-03
 2.48490804e-03 2.48276820e-03 2.47933381e-03 2.47403505e-03
 2.46626826e-03 2.46285443e-03 2.45743199e-03 2.45258082e-03
 2.45092733e-03 2.44497184e-03 2.44188887e-03 2.44140819e-03
 2.43565018e-03 2.43199806e-03 2.42750280e-03 2.42045339e-03
 2.41957707e-03 2.41658493e-03 2.41449258e-03 2.40972520e-03
 2.40628477e-03 2.40471189e-03 2.39902405e-03 2.39437443e-03
 2.39293645e-03 2.38677577e-03 2.38449868e-03 2.38101328e-03
 2.37944717e-03 2.37887258e-03 2.37207444e-03 2.36957363e-03
 2.36479998e-03 2.36162279e-03 2.35879998e-03 2.35797513e-03
 2.35601341e-03 2.34947484e-03 2.34870758e-03 2.34660619e-03
 2.34593714e-03 2.34342593e-03 2.33616002e-03 2.33399938e-03
 2.33135973e-03 2.32809388e-03 2.32524158e-03 2.32132255e-03
 2.32033684e-03 2.31775588e-03 2.31652400e-03 2.31331481e-03
 2.31227862e-03 2.30670637e-03 2.30467011e-03 2.30140644e-03
 2.29875046e-03 2.29721343e-03 2.29481225e-03 2.29388211e-03
 2.29095225e-03 2.28883320e-03 2.28549234e-03 2.28403916e-03
 2.28023230e-03 2.27870372e-03 2.27139529e-03 2.27078649e-03
 2.26840485e-03 2.26653579e-03 2.26539212e-03 2.26326173e-03
 2.26059171e-03 2.25757284e-03 2.25541716e-03 2.25406187e-03
 2.25226115e-03 2.25021813e-03 2.24622650e-03 2.24197668e-03
 2.24088229e-03 2.23988502e-03 2.23567958e-03 2.23415110e-03
 2.23277483e-03 2.22954567e-03 2.22939777e-03 2.22582645e-03
 2.22488067e-03 2.22029568e-03 2.21828336e-03 2.21722709e-03
 2.21557596e-03 2.21273092e-03 2.21143544e-03 2.21005341e-03
 2.20831540e-03 2.20605027e-03 2.20256900e-03 2.20046855e-03
 2.19496740e-03 2.19348471e-03 2.19223342e-03 2.18963353e-03
 2.18804824e-03 2.18516271e-03 2.18202969e-03 2.18044163e-03
 2.17943621e-03 2.17688438e-03 2.17520671e-03 2.17480862e-03
 2.17104133e-03 2.16936777e-03 2.16560142e-03 2.16343260e-03
 2.16248166e-03 2.15828313e-03 2.15569818e-03 2.15342889e-03
 2.15188126e-03 2.14723263e-03 2.14448273e-03 2.14292004e-03
 2.14191780e-03 2.13610734e-03 2.13548000e-03 2.13441008e-03
 2.13143098e-03 2.12847548e-03 2.12068309e-03 2.11845980e-03
 2.11722001e-03 2.11319467e-03 2.11158992e-03 2.10603286e-03
 2.10541904e-03 2.10143748e-03 2.09873184e-03 2.09559390e-03
 2.09169757e-03 2.08924199e-03 2.08565428e-03 2.08220990e-03
 2.07950189e-03 2.07788575e-03 2.07632983e-03 2.07355019e-03
 2.07091371e-03 2.06650505e-03 2.06553084e-03 2.05979610e-03
 2.05752116e-03 2.05408089e-03 2.04747903e-03 2.04439893e-03
 2.04113571e-03 2.03762343e-03 2.03600948e-03 2.02907218e-03
 2.02701347e-03 2.02210904e-03 2.02039759e-03 2.01845302e-03
 2.01523424e-03 2.00858462e-03 2.00392874e-03 1.99639617e-03
 1.99393367e-03 1.99030493e-03 1.98899240e-03 1.98392368e-03
 1.97731006e-03 1.97579110e-03 1.96969550e-03 1.96794316e-03
 1.96528634e-03 1.95830150e-03 1.94752867e-03 1.94345003e-03
 1.93806889e-03 1.93470825e-03 1.92820789e-03 1.92578921e-03
 1.92126815e-03 1.91696252e-03 1.91235194e-03 1.90591777e-03
 1.90213200e-03 1.89079725e-03 1.88525599e-03 1.88085130e-03
 1.87383650e-03 1.87121516e-03 1.86188095e-03 1.85481381e-03
 1.84721558e-03 1.83105962e-03 1.81821345e-03 1.81036775e-03
 1.79899526e-03 1.78021770e-03 1.77153466e-03 1.75427106e-03
 1.73482558e-03 1.71055853e-03 1.69414189e-03 1.66439783e-03
 1.62159624e-03 1.61259066e-03 1.59420630e-03 1.58467869e-03
 1.54744667e-03 1.52754047e-03 1.49605940e-03 1.47909014e-03
 1.47135694e-03 1.41471345e-03 1.39834149e-03 1.33762367e-03
 1.32022416e-03 1.27830469e-03 1.22380326e-03 1.19661721e-03
 1.18590006e-03 1.15137675e-03 1.12729263e-03 1.08138028e-03
 1.07871693e-03 1.04414316e-03 1.00444673e-03 9.31758656e-04
 9.03864230e-04 8.45808026e-04 8.10103095e-04 7.77200284e-04
 7.44959069e-04 6.97061405e-04 6.69595508e-04 6.11529077e-04
 4.78161346e-04 4.18462888e-04 3.65882140e-04 2.75147866e-04
 2.42023378e-04 2.20093782e-04 2.00894683e-04 1.85468843e-04
 1.70890290e-04 1.44875390e-04 1.01814320e-04 1.00599123e-04
 8.31787535e-05 7.13119810e-05 5.48978556e-05 4.66805207e-05
 4.55001954e-05 3.76499238e-05 3.62176674e-05 3.11165021e-05
 3.00792492e-05 2.73459302e-05 2.54673401e-05 2.08898573e-05
 1.75509207e-05 1.54828446e-05 1.40632623e-05 1.31098339e-05
 9.59171006e-06 8.82491504e-06 6.53310204e-06 6.39803702e-06
 5.38792253e-06 5.12760671e-06 4.59061608e-06 3.76446074e-06
 3.63127580e-06 2.96222709e-06 2.43722666e-06 2.35314071e-06
 1.45455947e-06 1.04281122e-06 4.59853391e-07 2.88824563e-07
 2.08217996e-32 9.90940048e-33 4.47933807e-33 4.27305427e-33
 3.77319579e-33 3.61794574e-33 3.22351621e-33 3.20264074e-33
 2.80187844e-33 2.72772153e-33]
[2020-06-02 20:20:58,372] INFO - Feature Scaling for Ndarray......
[2020-06-02 20:20:58,774] INFO - Phase 03 completed successfully
[2020-06-02 20:20:58,775] INFO - Phase 04:Predicting......
[2020-06-02 20:20:58,781] ERROR - There is no model yet, please train the model before trying to predict!
[2020-06-02 20:22:52,858] INFO - Phase 01:loading parameters......
[2020-06-02 20:22:52,880] INFO - transform parameters have been loaded from ./model/transform_parameters.pkl
[2020-06-02 20:22:52,881] INFO - Phase 02:loading data sets......
[2020-06-02 20:22:52,881] INFO - Loading data......
[2020-06-02 20:22:53,602] INFO - Phase 01 completed successfully
[2020-06-02 20:22:53,603] INFO - Phase 03:data_prepareing test features......
[2020-06-02 20:22:53,604] INFO - Converting days to years and then cutting them into discrete bins......
[2020-06-02 20:22:53,723] INFO - Setting Categorical Columns......
[2020-06-02 20:22:54,100] INFO - Clipping Outliers......
[2020-06-02 20:22:54,394] INFO - Fill Missing Values......
[2020-06-02 20:22:54,514] INFO - Change Categorical data into One-Hot-Encoding......
[2020-06-02 20:22:54,755] INFO - Keep only Non Zero Columns......
[2020-06-02 20:22:54,833] INFO - Feature Scaling......
[2020-06-02 20:22:57,061] INFO - column FLAG_DOCUMENT_12_0,mean is not zero but stddev is zero,skipped
[2020-06-02 20:22:57,081] INFO - Applying PCA for feature Reduction......
[2020-06-02 20:22:57,356] INFO - PCA transforming......
[2020-06-02 20:22:57,819] INFO - PCA explained variance ratio: [4.69673850e-02 2.19187515e-02 1.69918364e-02 1.22181221e-02
 1.09348463e-02 9.83913397e-03 8.54557471e-03 8.33412265e-03
 7.37221339e-03 6.82489162e-03 6.71113019e-03 6.45281220e-03
 6.23545915e-03 5.79997777e-03 5.66928559e-03 5.54699111e-03
 5.40621089e-03 5.16281290e-03 5.04121437e-03 4.92572670e-03
 4.78099501e-03 4.68079212e-03 4.65224970e-03 4.59340972e-03
 4.56862877e-03 4.56034886e-03 4.54396965e-03 4.52622299e-03
 4.51070095e-03 4.49066598e-03 4.48199377e-03 4.46979434e-03
 4.46159343e-03 4.45411879e-03 4.39194220e-03 4.29133456e-03
 4.23315134e-03 4.15913828e-03 4.08566384e-03 4.04671584e-03
 3.98484574e-03 3.93902143e-03 3.88674427e-03 3.85674410e-03
 3.78336750e-03 3.74403555e-03 3.70532674e-03 3.66568499e-03
 3.65141262e-03 3.58160120e-03 3.56961187e-03 3.54686900e-03
 3.49223199e-03 3.43604349e-03 3.37829875e-03 3.31492983e-03
 3.30700838e-03 3.27313468e-03 3.21215473e-03 3.20911390e-03
 3.14011851e-03 3.11924546e-03 3.06118788e-03 3.04556538e-03
 3.01935862e-03 2.99279343e-03 2.95800473e-03 2.94472943e-03
 2.87431223e-03 2.85432050e-03 2.83442948e-03 2.81469101e-03
 2.81004055e-03 2.78362319e-03 2.77339922e-03 2.75089998e-03
 2.74207995e-03 2.73671190e-03 2.71443478e-03 2.70403862e-03
 2.69861293e-03 2.68891386e-03 2.67380192e-03 2.66595040e-03
 2.65961637e-03 2.64112855e-03 2.62921305e-03 2.62458603e-03
 2.62122453e-03 2.61051876e-03 2.60782216e-03 2.60013876e-03
 2.59095616e-03 2.58794609e-03 2.57798332e-03 2.56337990e-03
 2.56007211e-03 2.55707679e-03 2.55697252e-03 2.55055650e-03
 2.54368322e-03 2.54308188e-03 2.53015812e-03 2.52645228e-03
 2.51669403e-03 2.51535507e-03 2.50801836e-03 2.50556999e-03
 2.50482549e-03 2.49809669e-03 2.49363006e-03 2.48936668e-03
 2.48490804e-03 2.48276820e-03 2.47933381e-03 2.47403505e-03
 2.46626826e-03 2.46285443e-03 2.45743199e-03 2.45258082e-03
 2.45092733e-03 2.44497184e-03 2.44188887e-03 2.44140819e-03
 2.43565018e-03 2.43199806e-03 2.42750280e-03 2.42045339e-03
 2.41957707e-03 2.41658493e-03 2.41449258e-03 2.40972520e-03
 2.40628477e-03 2.40471189e-03 2.39902405e-03 2.39437443e-03
 2.39293645e-03 2.38677577e-03 2.38449868e-03 2.38101328e-03
 2.37944717e-03 2.37887258e-03 2.37207444e-03 2.36957363e-03
 2.36479998e-03 2.36162279e-03 2.35879998e-03 2.35797513e-03
 2.35601341e-03 2.34947484e-03 2.34870758e-03 2.34660619e-03
 2.34593714e-03 2.34342593e-03 2.33616002e-03 2.33399938e-03
 2.33135973e-03 2.32809388e-03 2.32524158e-03 2.32132255e-03
 2.32033684e-03 2.31775588e-03 2.31652400e-03 2.31331481e-03
 2.31227862e-03 2.30670637e-03 2.30467011e-03 2.30140644e-03
 2.29875046e-03 2.29721343e-03 2.29481225e-03 2.29388211e-03
 2.29095225e-03 2.28883320e-03 2.28549234e-03 2.28403916e-03
 2.28023230e-03 2.27870372e-03 2.27139529e-03 2.27078649e-03
 2.26840485e-03 2.26653579e-03 2.26539212e-03 2.26326173e-03
 2.26059171e-03 2.25757284e-03 2.25541716e-03 2.25406187e-03
 2.25226115e-03 2.25021813e-03 2.24622650e-03 2.24197668e-03
 2.24088229e-03 2.23988502e-03 2.23567958e-03 2.23415110e-03
 2.23277483e-03 2.22954567e-03 2.22939777e-03 2.22582645e-03
 2.22488067e-03 2.22029568e-03 2.21828336e-03 2.21722709e-03
 2.21557596e-03 2.21273092e-03 2.21143544e-03 2.21005341e-03
 2.20831540e-03 2.20605027e-03 2.20256900e-03 2.20046855e-03
 2.19496740e-03 2.19348471e-03 2.19223342e-03 2.18963353e-03
 2.18804824e-03 2.18516271e-03 2.18202969e-03 2.18044163e-03
 2.17943621e-03 2.17688438e-03 2.17520671e-03 2.17480862e-03
 2.17104133e-03 2.16936777e-03 2.16560142e-03 2.16343260e-03
 2.16248166e-03 2.15828313e-03 2.15569818e-03 2.15342889e-03
 2.15188126e-03 2.14723263e-03 2.14448273e-03 2.14292004e-03
 2.14191780e-03 2.13610734e-03 2.13548000e-03 2.13441008e-03
 2.13143098e-03 2.12847548e-03 2.12068309e-03 2.11845980e-03
 2.11722001e-03 2.11319467e-03 2.11158992e-03 2.10603286e-03
 2.10541904e-03 2.10143748e-03 2.09873184e-03 2.09559390e-03
 2.09169757e-03 2.08924199e-03 2.08565428e-03 2.08220990e-03
 2.07950189e-03 2.07788575e-03 2.07632983e-03 2.07355019e-03
 2.07091371e-03 2.06650505e-03 2.06553084e-03 2.05979610e-03
 2.05752116e-03 2.05408089e-03 2.04747903e-03 2.04439893e-03
 2.04113571e-03 2.03762343e-03 2.03600948e-03 2.02907218e-03
 2.02701347e-03 2.02210904e-03 2.02039759e-03 2.01845302e-03
 2.01523424e-03 2.00858462e-03 2.00392874e-03 1.99639617e-03
 1.99393367e-03 1.99030493e-03 1.98899240e-03 1.98392368e-03
 1.97731006e-03 1.97579110e-03 1.96969550e-03 1.96794316e-03
 1.96528634e-03 1.95830150e-03 1.94752867e-03 1.94345003e-03
 1.93806889e-03 1.93470825e-03 1.92820789e-03 1.92578921e-03
 1.92126815e-03 1.91696252e-03 1.91235194e-03 1.90591777e-03
 1.90213200e-03 1.89079725e-03 1.88525599e-03 1.88085130e-03
 1.87383650e-03 1.87121516e-03 1.86188095e-03 1.85481381e-03
 1.84721558e-03 1.83105962e-03 1.81821345e-03 1.81036775e-03
 1.79899526e-03 1.78021770e-03 1.77153466e-03 1.75427106e-03
 1.73482558e-03 1.71055853e-03 1.69414189e-03 1.66439783e-03
 1.62159624e-03 1.61259066e-03 1.59420630e-03 1.58467869e-03
 1.54744667e-03 1.52754047e-03 1.49605940e-03 1.47909014e-03
 1.47135694e-03 1.41471345e-03 1.39834149e-03 1.33762367e-03
 1.32022416e-03 1.27830469e-03 1.22380326e-03 1.19661721e-03
 1.18590006e-03 1.15137675e-03 1.12729263e-03 1.08138028e-03
 1.07871693e-03 1.04414316e-03 1.00444673e-03 9.31758656e-04
 9.03864230e-04 8.45808026e-04 8.10103095e-04 7.77200284e-04
 7.44959069e-04 6.97061405e-04 6.69595508e-04 6.11529077e-04
 4.78161346e-04 4.18462888e-04 3.65882140e-04 2.75147866e-04
 2.42023378e-04 2.20093782e-04 2.00894683e-04 1.85468843e-04
 1.70890290e-04 1.44875390e-04 1.01814320e-04 1.00599123e-04
 8.31787535e-05 7.13119810e-05 5.48978556e-05 4.66805207e-05
 4.55001954e-05 3.76499238e-05 3.62176674e-05 3.11165021e-05
 3.00792492e-05 2.73459302e-05 2.54673401e-05 2.08898573e-05
 1.75509207e-05 1.54828446e-05 1.40632623e-05 1.31098339e-05
 9.59171006e-06 8.82491504e-06 6.53310204e-06 6.39803702e-06
 5.38792253e-06 5.12760671e-06 4.59061608e-06 3.76446074e-06
 3.63127580e-06 2.96222709e-06 2.43722666e-06 2.35314071e-06
 1.45455947e-06 1.04281122e-06 4.59853391e-07 2.88824563e-07
 2.08217996e-32 9.90940048e-33 4.47933807e-33 4.27305427e-33
 3.77319579e-33 3.61794574e-33 3.22351621e-33 3.20264074e-33
 2.80187844e-33 2.72772153e-33]
[2020-06-02 20:22:57,867] INFO - Feature Scaling for Ndarray......
[2020-06-02 20:22:58,295] INFO - Phase 03 completed successfully
[2020-06-02 20:22:58,296] INFO - Phase 04:Predicting......
[2020-06-02 20:27:31,236] ERROR - There is no model yet, please train the model before trying to predict!
[2020-06-02 20:29:57,033] INFO - Phase 01:loading parameters......
[2020-06-02 20:29:57,045] INFO - transform parameters have been loaded from ./model/transform_parameters.pkl
[2020-06-02 20:29:57,045] INFO - Phase 02:loading data sets......
[2020-06-02 20:29:57,045] INFO - Loading data......
[2020-06-02 20:29:57,748] INFO - Phase 01 completed successfully
[2020-06-02 20:29:57,749] INFO - Phase 03:data_prepareing test features......
[2020-06-02 20:29:57,749] INFO - Converting days to years and then cutting them into discrete bins......
[2020-06-02 20:29:57,850] INFO - Setting Categorical Columns......
[2020-06-02 20:29:58,191] INFO - Clipping Outliers......
[2020-06-02 20:29:58,357] INFO - Fill Missing Values......
[2020-06-02 20:29:58,444] INFO - Change Categorical data into One-Hot-Encoding......
[2020-06-02 20:29:58,619] INFO - Keep only Non Zero Columns......
[2020-06-02 20:29:58,692] INFO - Feature Scaling......
[2020-06-02 20:30:00,809] INFO - column FLAG_DOCUMENT_12_0,mean is not zero but stddev is zero,skipped
[2020-06-02 20:30:00,822] INFO - Applying PCA for feature Reduction......
[2020-06-02 20:30:01,078] INFO - PCA transforming......
[2020-06-02 20:30:01,552] INFO - PCA explained variance ratio: [4.69673850e-02 2.19187515e-02 1.69918364e-02 1.22181221e-02
 1.09348463e-02 9.83913397e-03 8.54557471e-03 8.33412265e-03
 7.37221339e-03 6.82489162e-03 6.71113019e-03 6.45281220e-03
 6.23545915e-03 5.79997777e-03 5.66928559e-03 5.54699111e-03
 5.40621089e-03 5.16281290e-03 5.04121437e-03 4.92572670e-03
 4.78099501e-03 4.68079212e-03 4.65224970e-03 4.59340972e-03
 4.56862877e-03 4.56034886e-03 4.54396965e-03 4.52622299e-03
 4.51070095e-03 4.49066598e-03 4.48199377e-03 4.46979434e-03
 4.46159343e-03 4.45411879e-03 4.39194220e-03 4.29133456e-03
 4.23315134e-03 4.15913828e-03 4.08566384e-03 4.04671584e-03
 3.98484574e-03 3.93902143e-03 3.88674427e-03 3.85674410e-03
 3.78336750e-03 3.74403555e-03 3.70532674e-03 3.66568499e-03
 3.65141262e-03 3.58160120e-03 3.56961187e-03 3.54686900e-03
 3.49223199e-03 3.43604349e-03 3.37829875e-03 3.31492983e-03
 3.30700838e-03 3.27313468e-03 3.21215473e-03 3.20911390e-03
 3.14011851e-03 3.11924546e-03 3.06118788e-03 3.04556538e-03
 3.01935862e-03 2.99279343e-03 2.95800473e-03 2.94472943e-03
 2.87431223e-03 2.85432050e-03 2.83442948e-03 2.81469101e-03
 2.81004055e-03 2.78362319e-03 2.77339922e-03 2.75089998e-03
 2.74207995e-03 2.73671190e-03 2.71443478e-03 2.70403862e-03
 2.69861293e-03 2.68891386e-03 2.67380192e-03 2.66595040e-03
 2.65961637e-03 2.64112855e-03 2.62921305e-03 2.62458603e-03
 2.62122453e-03 2.61051876e-03 2.60782216e-03 2.60013876e-03
 2.59095616e-03 2.58794609e-03 2.57798332e-03 2.56337990e-03
 2.56007211e-03 2.55707679e-03 2.55697252e-03 2.55055650e-03
 2.54368322e-03 2.54308188e-03 2.53015812e-03 2.52645228e-03
 2.51669403e-03 2.51535507e-03 2.50801836e-03 2.50556999e-03
 2.50482549e-03 2.49809669e-03 2.49363006e-03 2.48936668e-03
 2.48490804e-03 2.48276820e-03 2.47933381e-03 2.47403505e-03
 2.46626826e-03 2.46285443e-03 2.45743199e-03 2.45258082e-03
 2.45092733e-03 2.44497184e-03 2.44188887e-03 2.44140819e-03
 2.43565018e-03 2.43199806e-03 2.42750280e-03 2.42045339e-03
 2.41957707e-03 2.41658493e-03 2.41449258e-03 2.40972520e-03
 2.40628477e-03 2.40471189e-03 2.39902405e-03 2.39437443e-03
 2.39293645e-03 2.38677577e-03 2.38449868e-03 2.38101328e-03
 2.37944717e-03 2.37887258e-03 2.37207444e-03 2.36957363e-03
 2.36479998e-03 2.36162279e-03 2.35879998e-03 2.35797513e-03
 2.35601341e-03 2.34947484e-03 2.34870758e-03 2.34660619e-03
 2.34593714e-03 2.34342593e-03 2.33616002e-03 2.33399938e-03
 2.33135973e-03 2.32809388e-03 2.32524158e-03 2.32132255e-03
 2.32033684e-03 2.31775588e-03 2.31652400e-03 2.31331481e-03
 2.31227862e-03 2.30670637e-03 2.30467011e-03 2.30140644e-03
 2.29875046e-03 2.29721343e-03 2.29481225e-03 2.29388211e-03
 2.29095225e-03 2.28883320e-03 2.28549234e-03 2.28403916e-03
 2.28023230e-03 2.27870372e-03 2.27139529e-03 2.27078649e-03
 2.26840485e-03 2.26653579e-03 2.26539212e-03 2.26326173e-03
 2.26059171e-03 2.25757284e-03 2.25541716e-03 2.25406187e-03
 2.25226115e-03 2.25021813e-03 2.24622650e-03 2.24197668e-03
 2.24088229e-03 2.23988502e-03 2.23567958e-03 2.23415110e-03
 2.23277483e-03 2.22954567e-03 2.22939777e-03 2.22582645e-03
 2.22488067e-03 2.22029568e-03 2.21828336e-03 2.21722709e-03
 2.21557596e-03 2.21273092e-03 2.21143544e-03 2.21005341e-03
 2.20831540e-03 2.20605027e-03 2.20256900e-03 2.20046855e-03
 2.19496740e-03 2.19348471e-03 2.19223342e-03 2.18963353e-03
 2.18804824e-03 2.18516271e-03 2.18202969e-03 2.18044163e-03
 2.17943621e-03 2.17688438e-03 2.17520671e-03 2.17480862e-03
 2.17104133e-03 2.16936777e-03 2.16560142e-03 2.16343260e-03
 2.16248166e-03 2.15828313e-03 2.15569818e-03 2.15342889e-03
 2.15188126e-03 2.14723263e-03 2.14448273e-03 2.14292004e-03
 2.14191780e-03 2.13610734e-03 2.13548000e-03 2.13441008e-03
 2.13143098e-03 2.12847548e-03 2.12068309e-03 2.11845980e-03
 2.11722001e-03 2.11319467e-03 2.11158992e-03 2.10603286e-03
 2.10541904e-03 2.10143748e-03 2.09873184e-03 2.09559390e-03
 2.09169757e-03 2.08924199e-03 2.08565428e-03 2.08220990e-03
 2.07950189e-03 2.07788575e-03 2.07632983e-03 2.07355019e-03
 2.07091371e-03 2.06650505e-03 2.06553084e-03 2.05979610e-03
 2.05752116e-03 2.05408089e-03 2.04747903e-03 2.04439893e-03
 2.04113571e-03 2.03762343e-03 2.03600948e-03 2.02907218e-03
 2.02701347e-03 2.02210904e-03 2.02039759e-03 2.01845302e-03
 2.01523424e-03 2.00858462e-03 2.00392874e-03 1.99639617e-03
 1.99393367e-03 1.99030493e-03 1.98899240e-03 1.98392368e-03
 1.97731006e-03 1.97579110e-03 1.96969550e-03 1.96794316e-03
 1.96528634e-03 1.95830150e-03 1.94752867e-03 1.94345003e-03
 1.93806889e-03 1.93470825e-03 1.92820789e-03 1.92578921e-03
 1.92126815e-03 1.91696252e-03 1.91235194e-03 1.90591777e-03
 1.90213200e-03 1.89079725e-03 1.88525599e-03 1.88085130e-03
 1.87383650e-03 1.87121516e-03 1.86188095e-03 1.85481381e-03
 1.84721558e-03 1.83105962e-03 1.81821345e-03 1.81036775e-03
 1.79899526e-03 1.78021770e-03 1.77153466e-03 1.75427106e-03
 1.73482558e-03 1.71055853e-03 1.69414189e-03 1.66439783e-03
 1.62159624e-03 1.61259066e-03 1.59420630e-03 1.58467869e-03
 1.54744667e-03 1.52754047e-03 1.49605940e-03 1.47909014e-03
 1.47135694e-03 1.41471345e-03 1.39834149e-03 1.33762367e-03
 1.32022416e-03 1.27830469e-03 1.22380326e-03 1.19661721e-03
 1.18590006e-03 1.15137675e-03 1.12729263e-03 1.08138028e-03
 1.07871693e-03 1.04414316e-03 1.00444673e-03 9.31758656e-04
 9.03864230e-04 8.45808026e-04 8.10103095e-04 7.77200284e-04
 7.44959069e-04 6.97061405e-04 6.69595508e-04 6.11529077e-04
 4.78161346e-04 4.18462888e-04 3.65882140e-04 2.75147866e-04
 2.42023378e-04 2.20093782e-04 2.00894683e-04 1.85468843e-04
 1.70890290e-04 1.44875390e-04 1.01814320e-04 1.00599123e-04
 8.31787535e-05 7.13119810e-05 5.48978556e-05 4.66805207e-05
 4.55001954e-05 3.76499238e-05 3.62176674e-05 3.11165021e-05
 3.00792492e-05 2.73459302e-05 2.54673401e-05 2.08898573e-05
 1.75509207e-05 1.54828446e-05 1.40632623e-05 1.31098339e-05
 9.59171006e-06 8.82491504e-06 6.53310204e-06 6.39803702e-06
 5.38792253e-06 5.12760671e-06 4.59061608e-06 3.76446074e-06
 3.63127580e-06 2.96222709e-06 2.43722666e-06 2.35314071e-06
 1.45455947e-06 1.04281122e-06 4.59853391e-07 2.88824563e-07
 2.08217996e-32 9.90940048e-33 4.47933807e-33 4.27305427e-33
 3.77319579e-33 3.61794574e-33 3.22351621e-33 3.20264074e-33
 2.80187844e-33 2.72772153e-33]
[2020-06-02 20:30:01,589] INFO - Feature Scaling for Ndarray......
[2020-06-02 20:30:01,990] INFO - Phase 03 completed successfully
[2020-06-02 20:30:01,990] INFO - Phase 04:Predicting......
[2020-06-02 20:30:30,548] INFO - Phase 01:loading parameters......
[2020-06-02 20:30:30,559] INFO - transform parameters have been loaded from ./model/transform_parameters.pkl
[2020-06-02 20:30:30,561] INFO - Phase 02:loading data sets......
[2020-06-02 20:30:30,562] INFO - Loading data......
[2020-06-02 20:30:31,245] INFO - Phase 01 completed successfully
[2020-06-02 20:30:31,245] INFO - Phase 03:data_prepareing test features......
[2020-06-02 20:30:31,246] INFO - Converting days to years and then cutting them into discrete bins......
[2020-06-02 20:30:31,345] INFO - Setting Categorical Columns......
[2020-06-02 20:30:31,677] INFO - Clipping Outliers......
[2020-06-02 20:30:31,848] INFO - Fill Missing Values......
[2020-06-02 20:30:31,935] INFO - Change Categorical data into One-Hot-Encoding......
[2020-06-02 20:30:32,113] INFO - Keep only Non Zero Columns......
[2020-06-02 20:30:32,186] INFO - Feature Scaling......
[2020-06-02 20:30:34,300] INFO - column FLAG_DOCUMENT_12_0,mean is not zero but stddev is zero,skipped
[2020-06-02 20:30:34,315] INFO - Applying PCA for feature Reduction......
[2020-06-02 20:30:34,571] INFO - PCA transforming......
[2020-06-02 20:30:35,050] INFO - PCA explained variance ratio: [4.69673850e-02 2.19187515e-02 1.69918364e-02 1.22181221e-02
 1.09348463e-02 9.83913397e-03 8.54557471e-03 8.33412265e-03
 7.37221339e-03 6.82489162e-03 6.71113019e-03 6.45281220e-03
 6.23545915e-03 5.79997777e-03 5.66928559e-03 5.54699111e-03
 5.40621089e-03 5.16281290e-03 5.04121437e-03 4.92572670e-03
 4.78099501e-03 4.68079212e-03 4.65224970e-03 4.59340972e-03
 4.56862877e-03 4.56034886e-03 4.54396965e-03 4.52622299e-03
 4.51070095e-03 4.49066598e-03 4.48199377e-03 4.46979434e-03
 4.46159343e-03 4.45411879e-03 4.39194220e-03 4.29133456e-03
 4.23315134e-03 4.15913828e-03 4.08566384e-03 4.04671584e-03
 3.98484574e-03 3.93902143e-03 3.88674427e-03 3.85674410e-03
 3.78336750e-03 3.74403555e-03 3.70532674e-03 3.66568499e-03
 3.65141262e-03 3.58160120e-03 3.56961187e-03 3.54686900e-03
 3.49223199e-03 3.43604349e-03 3.37829875e-03 3.31492983e-03
 3.30700838e-03 3.27313468e-03 3.21215473e-03 3.20911390e-03
 3.14011851e-03 3.11924546e-03 3.06118788e-03 3.04556538e-03
 3.01935862e-03 2.99279343e-03 2.95800473e-03 2.94472943e-03
 2.87431223e-03 2.85432050e-03 2.83442948e-03 2.81469101e-03
 2.81004055e-03 2.78362319e-03 2.77339922e-03 2.75089998e-03
 2.74207995e-03 2.73671190e-03 2.71443478e-03 2.70403862e-03
 2.69861293e-03 2.68891386e-03 2.67380192e-03 2.66595040e-03
 2.65961637e-03 2.64112855e-03 2.62921305e-03 2.62458603e-03
 2.62122453e-03 2.61051876e-03 2.60782216e-03 2.60013876e-03
 2.59095616e-03 2.58794609e-03 2.57798332e-03 2.56337990e-03
 2.56007211e-03 2.55707679e-03 2.55697252e-03 2.55055650e-03
 2.54368322e-03 2.54308188e-03 2.53015812e-03 2.52645228e-03
 2.51669403e-03 2.51535507e-03 2.50801836e-03 2.50556999e-03
 2.50482549e-03 2.49809669e-03 2.49363006e-03 2.48936668e-03
 2.48490804e-03 2.48276820e-03 2.47933381e-03 2.47403505e-03
 2.46626826e-03 2.46285443e-03 2.45743199e-03 2.45258082e-03
 2.45092733e-03 2.44497184e-03 2.44188887e-03 2.44140819e-03
 2.43565018e-03 2.43199806e-03 2.42750280e-03 2.42045339e-03
 2.41957707e-03 2.41658493e-03 2.41449258e-03 2.40972520e-03
 2.40628477e-03 2.40471189e-03 2.39902405e-03 2.39437443e-03
 2.39293645e-03 2.38677577e-03 2.38449868e-03 2.38101328e-03
 2.37944717e-03 2.37887258e-03 2.37207444e-03 2.36957363e-03
 2.36479998e-03 2.36162279e-03 2.35879998e-03 2.35797513e-03
 2.35601341e-03 2.34947484e-03 2.34870758e-03 2.34660619e-03
 2.34593714e-03 2.34342593e-03 2.33616002e-03 2.33399938e-03
 2.33135973e-03 2.32809388e-03 2.32524158e-03 2.32132255e-03
 2.32033684e-03 2.31775588e-03 2.31652400e-03 2.31331481e-03
 2.31227862e-03 2.30670637e-03 2.30467011e-03 2.30140644e-03
 2.29875046e-03 2.29721343e-03 2.29481225e-03 2.29388211e-03
 2.29095225e-03 2.28883320e-03 2.28549234e-03 2.28403916e-03
 2.28023230e-03 2.27870372e-03 2.27139529e-03 2.27078649e-03
 2.26840485e-03 2.26653579e-03 2.26539212e-03 2.26326173e-03
 2.26059171e-03 2.25757284e-03 2.25541716e-03 2.25406187e-03
 2.25226115e-03 2.25021813e-03 2.24622650e-03 2.24197668e-03
 2.24088229e-03 2.23988502e-03 2.23567958e-03 2.23415110e-03
 2.23277483e-03 2.22954567e-03 2.22939777e-03 2.22582645e-03
 2.22488067e-03 2.22029568e-03 2.21828336e-03 2.21722709e-03
 2.21557596e-03 2.21273092e-03 2.21143544e-03 2.21005341e-03
 2.20831540e-03 2.20605027e-03 2.20256900e-03 2.20046855e-03
 2.19496740e-03 2.19348471e-03 2.19223342e-03 2.18963353e-03
 2.18804824e-03 2.18516271e-03 2.18202969e-03 2.18044163e-03
 2.17943621e-03 2.17688438e-03 2.17520671e-03 2.17480862e-03
 2.17104133e-03 2.16936777e-03 2.16560142e-03 2.16343260e-03
 2.16248166e-03 2.15828313e-03 2.15569818e-03 2.15342889e-03
 2.15188126e-03 2.14723263e-03 2.14448273e-03 2.14292004e-03
 2.14191780e-03 2.13610734e-03 2.13548000e-03 2.13441008e-03
 2.13143098e-03 2.12847548e-03 2.12068309e-03 2.11845980e-03
 2.11722001e-03 2.11319467e-03 2.11158992e-03 2.10603286e-03
 2.10541904e-03 2.10143748e-03 2.09873184e-03 2.09559390e-03
 2.09169757e-03 2.08924199e-03 2.08565428e-03 2.08220990e-03
 2.07950189e-03 2.07788575e-03 2.07632983e-03 2.07355019e-03
 2.07091371e-03 2.06650505e-03 2.06553084e-03 2.05979610e-03
 2.05752116e-03 2.05408089e-03 2.04747903e-03 2.04439893e-03
 2.04113571e-03 2.03762343e-03 2.03600948e-03 2.02907218e-03
 2.02701347e-03 2.02210904e-03 2.02039759e-03 2.01845302e-03
 2.01523424e-03 2.00858462e-03 2.00392874e-03 1.99639617e-03
 1.99393367e-03 1.99030493e-03 1.98899240e-03 1.98392368e-03
 1.97731006e-03 1.97579110e-03 1.96969550e-03 1.96794316e-03
 1.96528634e-03 1.95830150e-03 1.94752867e-03 1.94345003e-03
 1.93806889e-03 1.93470825e-03 1.92820789e-03 1.92578921e-03
 1.92126815e-03 1.91696252e-03 1.91235194e-03 1.90591777e-03
 1.90213200e-03 1.89079725e-03 1.88525599e-03 1.88085130e-03
 1.87383650e-03 1.87121516e-03 1.86188095e-03 1.85481381e-03
 1.84721558e-03 1.83105962e-03 1.81821345e-03 1.81036775e-03
 1.79899526e-03 1.78021770e-03 1.77153466e-03 1.75427106e-03
 1.73482558e-03 1.71055853e-03 1.69414189e-03 1.66439783e-03
 1.62159624e-03 1.61259066e-03 1.59420630e-03 1.58467869e-03
 1.54744667e-03 1.52754047e-03 1.49605940e-03 1.47909014e-03
 1.47135694e-03 1.41471345e-03 1.39834149e-03 1.33762367e-03
 1.32022416e-03 1.27830469e-03 1.22380326e-03 1.19661721e-03
 1.18590006e-03 1.15137675e-03 1.12729263e-03 1.08138028e-03
 1.07871693e-03 1.04414316e-03 1.00444673e-03 9.31758656e-04
 9.03864230e-04 8.45808026e-04 8.10103095e-04 7.77200284e-04
 7.44959069e-04 6.97061405e-04 6.69595508e-04 6.11529077e-04
 4.78161346e-04 4.18462888e-04 3.65882140e-04 2.75147866e-04
 2.42023378e-04 2.20093782e-04 2.00894683e-04 1.85468843e-04
 1.70890290e-04 1.44875390e-04 1.01814320e-04 1.00599123e-04
 8.31787535e-05 7.13119810e-05 5.48978556e-05 4.66805207e-05
 4.55001954e-05 3.76499238e-05 3.62176674e-05 3.11165021e-05
 3.00792492e-05 2.73459302e-05 2.54673401e-05 2.08898573e-05
 1.75509207e-05 1.54828446e-05 1.40632623e-05 1.31098339e-05
 9.59171006e-06 8.82491504e-06 6.53310204e-06 6.39803702e-06
 5.38792253e-06 5.12760671e-06 4.59061608e-06 3.76446074e-06
 3.63127580e-06 2.96222709e-06 2.43722666e-06 2.35314071e-06
 1.45455947e-06 1.04281122e-06 4.59853391e-07 2.88824563e-07
 2.08217996e-32 9.90940048e-33 4.47933807e-33 4.27305427e-33
 3.77319579e-33 3.61794574e-33 3.22351621e-33 3.20264074e-33
 2.80187844e-33 2.72772153e-33]
[2020-06-02 20:30:35,091] INFO - Feature Scaling for Ndarray......
[2020-06-02 20:30:35,523] INFO - Phase 03 completed successfully
[2020-06-02 20:30:35,524] INFO - Phase 04:Predicting......
[2020-06-02 20:30:35,728] INFO - Phase 04:Predicting Completed successfully
[2020-06-02 20:30:57,028] INFO - Phase 01:loading parameters......
[2020-06-02 20:30:57,040] INFO - transform parameters have been loaded from ./model/transform_parameters.pkl
[2020-06-02 20:30:57,042] INFO - Phase 02:loading data sets......
[2020-06-02 20:30:57,043] INFO - Loading data......
[2020-06-02 20:30:57,732] INFO - Phase 01 completed successfully
[2020-06-02 20:30:57,732] INFO - Phase 03:data_prepareing test features......
[2020-06-02 20:30:57,733] INFO - Converting days to years and then cutting them into discrete bins......
[2020-06-02 20:30:57,834] INFO - Setting Categorical Columns......
[2020-06-02 20:30:58,184] INFO - Clipping Outliers......
[2020-06-02 20:30:58,363] INFO - Fill Missing Values......
[2020-06-02 20:30:58,450] INFO - Change Categorical data into One-Hot-Encoding......
[2020-06-02 20:30:58,628] INFO - Keep only Non Zero Columns......
[2020-06-02 20:30:58,702] INFO - Feature Scaling......
[2020-06-02 20:31:00,897] INFO - column FLAG_DOCUMENT_12_0,mean is not zero but stddev is zero,skipped
[2020-06-02 20:31:00,911] INFO - Applying PCA for feature Reduction......
[2020-06-02 20:31:01,170] INFO - PCA transforming......
[2020-06-02 20:31:01,635] INFO - PCA explained variance ratio: [4.69673850e-02 2.19187515e-02 1.69918364e-02 1.22181221e-02
 1.09348463e-02 9.83913397e-03 8.54557471e-03 8.33412265e-03
 7.37221339e-03 6.82489162e-03 6.71113019e-03 6.45281220e-03
 6.23545915e-03 5.79997777e-03 5.66928559e-03 5.54699111e-03
 5.40621089e-03 5.16281290e-03 5.04121437e-03 4.92572670e-03
 4.78099501e-03 4.68079212e-03 4.65224970e-03 4.59340972e-03
 4.56862877e-03 4.56034886e-03 4.54396965e-03 4.52622299e-03
 4.51070095e-03 4.49066598e-03 4.48199377e-03 4.46979434e-03
 4.46159343e-03 4.45411879e-03 4.39194220e-03 4.29133456e-03
 4.23315134e-03 4.15913828e-03 4.08566384e-03 4.04671584e-03
 3.98484574e-03 3.93902143e-03 3.88674427e-03 3.85674410e-03
 3.78336750e-03 3.74403555e-03 3.70532674e-03 3.66568499e-03
 3.65141262e-03 3.58160120e-03 3.56961187e-03 3.54686900e-03
 3.49223199e-03 3.43604349e-03 3.37829875e-03 3.31492983e-03
 3.30700838e-03 3.27313468e-03 3.21215473e-03 3.20911390e-03
 3.14011851e-03 3.11924546e-03 3.06118788e-03 3.04556538e-03
 3.01935862e-03 2.99279343e-03 2.95800473e-03 2.94472943e-03
 2.87431223e-03 2.85432050e-03 2.83442948e-03 2.81469101e-03
 2.81004055e-03 2.78362319e-03 2.77339922e-03 2.75089998e-03
 2.74207995e-03 2.73671190e-03 2.71443478e-03 2.70403862e-03
 2.69861293e-03 2.68891386e-03 2.67380192e-03 2.66595040e-03
 2.65961637e-03 2.64112855e-03 2.62921305e-03 2.62458603e-03
 2.62122453e-03 2.61051876e-03 2.60782216e-03 2.60013876e-03
 2.59095616e-03 2.58794609e-03 2.57798332e-03 2.56337990e-03
 2.56007211e-03 2.55707679e-03 2.55697252e-03 2.55055650e-03
 2.54368322e-03 2.54308188e-03 2.53015812e-03 2.52645228e-03
 2.51669403e-03 2.51535507e-03 2.50801836e-03 2.50556999e-03
 2.50482549e-03 2.49809669e-03 2.49363006e-03 2.48936668e-03
 2.48490804e-03 2.48276820e-03 2.47933381e-03 2.47403505e-03
 2.46626826e-03 2.46285443e-03 2.45743199e-03 2.45258082e-03
 2.45092733e-03 2.44497184e-03 2.44188887e-03 2.44140819e-03
 2.43565018e-03 2.43199806e-03 2.42750280e-03 2.42045339e-03
 2.41957707e-03 2.41658493e-03 2.41449258e-03 2.40972520e-03
 2.40628477e-03 2.40471189e-03 2.39902405e-03 2.39437443e-03
 2.39293645e-03 2.38677577e-03 2.38449868e-03 2.38101328e-03
 2.37944717e-03 2.37887258e-03 2.37207444e-03 2.36957363e-03
 2.36479998e-03 2.36162279e-03 2.35879998e-03 2.35797513e-03
 2.35601341e-03 2.34947484e-03 2.34870758e-03 2.34660619e-03
 2.34593714e-03 2.34342593e-03 2.33616002e-03 2.33399938e-03
 2.33135973e-03 2.32809388e-03 2.32524158e-03 2.32132255e-03
 2.32033684e-03 2.31775588e-03 2.31652400e-03 2.31331481e-03
 2.31227862e-03 2.30670637e-03 2.30467011e-03 2.30140644e-03
 2.29875046e-03 2.29721343e-03 2.29481225e-03 2.29388211e-03
 2.29095225e-03 2.28883320e-03 2.28549234e-03 2.28403916e-03
 2.28023230e-03 2.27870372e-03 2.27139529e-03 2.27078649e-03
 2.26840485e-03 2.26653579e-03 2.26539212e-03 2.26326173e-03
 2.26059171e-03 2.25757284e-03 2.25541716e-03 2.25406187e-03
 2.25226115e-03 2.25021813e-03 2.24622650e-03 2.24197668e-03
 2.24088229e-03 2.23988502e-03 2.23567958e-03 2.23415110e-03
 2.23277483e-03 2.22954567e-03 2.22939777e-03 2.22582645e-03
 2.22488067e-03 2.22029568e-03 2.21828336e-03 2.21722709e-03
 2.21557596e-03 2.21273092e-03 2.21143544e-03 2.21005341e-03
 2.20831540e-03 2.20605027e-03 2.20256900e-03 2.20046855e-03
 2.19496740e-03 2.19348471e-03 2.19223342e-03 2.18963353e-03
 2.18804824e-03 2.18516271e-03 2.18202969e-03 2.18044163e-03
 2.17943621e-03 2.17688438e-03 2.17520671e-03 2.17480862e-03
 2.17104133e-03 2.16936777e-03 2.16560142e-03 2.16343260e-03
 2.16248166e-03 2.15828313e-03 2.15569818e-03 2.15342889e-03
 2.15188126e-03 2.14723263e-03 2.14448273e-03 2.14292004e-03
 2.14191780e-03 2.13610734e-03 2.13548000e-03 2.13441008e-03
 2.13143098e-03 2.12847548e-03 2.12068309e-03 2.11845980e-03
 2.11722001e-03 2.11319467e-03 2.11158992e-03 2.10603286e-03
 2.10541904e-03 2.10143748e-03 2.09873184e-03 2.09559390e-03
 2.09169757e-03 2.08924199e-03 2.08565428e-03 2.08220990e-03
 2.07950189e-03 2.07788575e-03 2.07632983e-03 2.07355019e-03
 2.07091371e-03 2.06650505e-03 2.06553084e-03 2.05979610e-03
 2.05752116e-03 2.05408089e-03 2.04747903e-03 2.04439893e-03
 2.04113571e-03 2.03762343e-03 2.03600948e-03 2.02907218e-03
 2.02701347e-03 2.02210904e-03 2.02039759e-03 2.01845302e-03
 2.01523424e-03 2.00858462e-03 2.00392874e-03 1.99639617e-03
 1.99393367e-03 1.99030493e-03 1.98899240e-03 1.98392368e-03
 1.97731006e-03 1.97579110e-03 1.96969550e-03 1.96794316e-03
 1.96528634e-03 1.95830150e-03 1.94752867e-03 1.94345003e-03
 1.93806889e-03 1.93470825e-03 1.92820789e-03 1.92578921e-03
 1.92126815e-03 1.91696252e-03 1.91235194e-03 1.90591777e-03
 1.90213200e-03 1.89079725e-03 1.88525599e-03 1.88085130e-03
 1.87383650e-03 1.87121516e-03 1.86188095e-03 1.85481381e-03
 1.84721558e-03 1.83105962e-03 1.81821345e-03 1.81036775e-03
 1.79899526e-03 1.78021770e-03 1.77153466e-03 1.75427106e-03
 1.73482558e-03 1.71055853e-03 1.69414189e-03 1.66439783e-03
 1.62159624e-03 1.61259066e-03 1.59420630e-03 1.58467869e-03
 1.54744667e-03 1.52754047e-03 1.49605940e-03 1.47909014e-03
 1.47135694e-03 1.41471345e-03 1.39834149e-03 1.33762367e-03
 1.32022416e-03 1.27830469e-03 1.22380326e-03 1.19661721e-03
 1.18590006e-03 1.15137675e-03 1.12729263e-03 1.08138028e-03
 1.07871693e-03 1.04414316e-03 1.00444673e-03 9.31758656e-04
 9.03864230e-04 8.45808026e-04 8.10103095e-04 7.77200284e-04
 7.44959069e-04 6.97061405e-04 6.69595508e-04 6.11529077e-04
 4.78161346e-04 4.18462888e-04 3.65882140e-04 2.75147866e-04
 2.42023378e-04 2.20093782e-04 2.00894683e-04 1.85468843e-04
 1.70890290e-04 1.44875390e-04 1.01814320e-04 1.00599123e-04
 8.31787535e-05 7.13119810e-05 5.48978556e-05 4.66805207e-05
 4.55001954e-05 3.76499238e-05 3.62176674e-05 3.11165021e-05
 3.00792492e-05 2.73459302e-05 2.54673401e-05 2.08898573e-05
 1.75509207e-05 1.54828446e-05 1.40632623e-05 1.31098339e-05
 9.59171006e-06 8.82491504e-06 6.53310204e-06 6.39803702e-06
 5.38792253e-06 5.12760671e-06 4.59061608e-06 3.76446074e-06
 3.63127580e-06 2.96222709e-06 2.43722666e-06 2.35314071e-06
 1.45455947e-06 1.04281122e-06 4.59853391e-07 2.88824563e-07
 2.08217996e-32 9.90940048e-33 4.47933807e-33 4.27305427e-33
 3.77319579e-33 3.61794574e-33 3.22351621e-33 3.20264074e-33
 2.80187844e-33 2.72772153e-33]
[2020-06-02 20:31:01,663] INFO - Feature Scaling for Ndarray......
[2020-06-02 20:31:02,079] INFO - Phase 03 completed successfully
[2020-06-02 20:31:02,079] INFO - Phase 04:Predicting......
[2020-06-02 20:31:02,281] INFO - Phase 04:Predicting Completed successfully
[2020-06-02 20:31:12,113] INFO - Phase 01:loading parameters......
[2020-06-02 20:31:12,125] INFO - transform parameters have been loaded from ./model/transform_parameters.pkl
[2020-06-02 20:31:12,130] INFO - Phase 02:loading data sets......
[2020-06-02 20:31:12,131] INFO - Loading data......
[2020-06-02 20:31:12,809] INFO - Phase 01 completed successfully
[2020-06-02 20:31:12,810] INFO - Phase 03:data_prepareing test features......
[2020-06-02 20:31:12,810] INFO - Converting days to years and then cutting them into discrete bins......
[2020-06-02 20:31:12,911] INFO - Setting Categorical Columns......
[2020-06-02 20:31:13,254] INFO - Clipping Outliers......
[2020-06-02 20:31:13,447] INFO - Fill Missing Values......
[2020-06-02 20:31:13,573] INFO - Change Categorical data into One-Hot-Encoding......
[2020-06-02 20:31:13,809] INFO - Keep only Non Zero Columns......
[2020-06-02 20:31:13,883] INFO - Feature Scaling......
[2020-06-02 20:31:15,989] INFO - column FLAG_DOCUMENT_12_0,mean is not zero but stddev is zero,skipped
[2020-06-02 20:31:16,004] INFO - Applying PCA for feature Reduction......
[2020-06-02 20:31:16,259] INFO - PCA transforming......
[2020-06-02 20:31:16,712] INFO - PCA explained variance ratio: [4.69673850e-02 2.19187515e-02 1.69918364e-02 1.22181221e-02
 1.09348463e-02 9.83913397e-03 8.54557471e-03 8.33412265e-03
 7.37221339e-03 6.82489162e-03 6.71113019e-03 6.45281220e-03
 6.23545915e-03 5.79997777e-03 5.66928559e-03 5.54699111e-03
 5.40621089e-03 5.16281290e-03 5.04121437e-03 4.92572670e-03
 4.78099501e-03 4.68079212e-03 4.65224970e-03 4.59340972e-03
 4.56862877e-03 4.56034886e-03 4.54396965e-03 4.52622299e-03
 4.51070095e-03 4.49066598e-03 4.48199377e-03 4.46979434e-03
 4.46159343e-03 4.45411879e-03 4.39194220e-03 4.29133456e-03
 4.23315134e-03 4.15913828e-03 4.08566384e-03 4.04671584e-03
 3.98484574e-03 3.93902143e-03 3.88674427e-03 3.85674410e-03
 3.78336750e-03 3.74403555e-03 3.70532674e-03 3.66568499e-03
 3.65141262e-03 3.58160120e-03 3.56961187e-03 3.54686900e-03
 3.49223199e-03 3.43604349e-03 3.37829875e-03 3.31492983e-03
 3.30700838e-03 3.27313468e-03 3.21215473e-03 3.20911390e-03
 3.14011851e-03 3.11924546e-03 3.06118788e-03 3.04556538e-03
 3.01935862e-03 2.99279343e-03 2.95800473e-03 2.94472943e-03
 2.87431223e-03 2.85432050e-03 2.83442948e-03 2.81469101e-03
 2.81004055e-03 2.78362319e-03 2.77339922e-03 2.75089998e-03
 2.74207995e-03 2.73671190e-03 2.71443478e-03 2.70403862e-03
 2.69861293e-03 2.68891386e-03 2.67380192e-03 2.66595040e-03
 2.65961637e-03 2.64112855e-03 2.62921305e-03 2.62458603e-03
 2.62122453e-03 2.61051876e-03 2.60782216e-03 2.60013876e-03
 2.59095616e-03 2.58794609e-03 2.57798332e-03 2.56337990e-03
 2.56007211e-03 2.55707679e-03 2.55697252e-03 2.55055650e-03
 2.54368322e-03 2.54308188e-03 2.53015812e-03 2.52645228e-03
 2.51669403e-03 2.51535507e-03 2.50801836e-03 2.50556999e-03
 2.50482549e-03 2.49809669e-03 2.49363006e-03 2.48936668e-03
 2.48490804e-03 2.48276820e-03 2.47933381e-03 2.47403505e-03
 2.46626826e-03 2.46285443e-03 2.45743199e-03 2.45258082e-03
 2.45092733e-03 2.44497184e-03 2.44188887e-03 2.44140819e-03
 2.43565018e-03 2.43199806e-03 2.42750280e-03 2.42045339e-03
 2.41957707e-03 2.41658493e-03 2.41449258e-03 2.40972520e-03
 2.40628477e-03 2.40471189e-03 2.39902405e-03 2.39437443e-03
 2.39293645e-03 2.38677577e-03 2.38449868e-03 2.38101328e-03
 2.37944717e-03 2.37887258e-03 2.37207444e-03 2.36957363e-03
 2.36479998e-03 2.36162279e-03 2.35879998e-03 2.35797513e-03
 2.35601341e-03 2.34947484e-03 2.34870758e-03 2.34660619e-03
 2.34593714e-03 2.34342593e-03 2.33616002e-03 2.33399938e-03
 2.33135973e-03 2.32809388e-03 2.32524158e-03 2.32132255e-03
 2.32033684e-03 2.31775588e-03 2.31652400e-03 2.31331481e-03
 2.31227862e-03 2.30670637e-03 2.30467011e-03 2.30140644e-03
 2.29875046e-03 2.29721343e-03 2.29481225e-03 2.29388211e-03
 2.29095225e-03 2.28883320e-03 2.28549234e-03 2.28403916e-03
 2.28023230e-03 2.27870372e-03 2.27139529e-03 2.27078649e-03
 2.26840485e-03 2.26653579e-03 2.26539212e-03 2.26326173e-03
 2.26059171e-03 2.25757284e-03 2.25541716e-03 2.25406187e-03
 2.25226115e-03 2.25021813e-03 2.24622650e-03 2.24197668e-03
 2.24088229e-03 2.23988502e-03 2.23567958e-03 2.23415110e-03
 2.23277483e-03 2.22954567e-03 2.22939777e-03 2.22582645e-03
 2.22488067e-03 2.22029568e-03 2.21828336e-03 2.21722709e-03
 2.21557596e-03 2.21273092e-03 2.21143544e-03 2.21005341e-03
 2.20831540e-03 2.20605027e-03 2.20256900e-03 2.20046855e-03
 2.19496740e-03 2.19348471e-03 2.19223342e-03 2.18963353e-03
 2.18804824e-03 2.18516271e-03 2.18202969e-03 2.18044163e-03
 2.17943621e-03 2.17688438e-03 2.17520671e-03 2.17480862e-03
 2.17104133e-03 2.16936777e-03 2.16560142e-03 2.16343260e-03
 2.16248166e-03 2.15828313e-03 2.15569818e-03 2.15342889e-03
 2.15188126e-03 2.14723263e-03 2.14448273e-03 2.14292004e-03
 2.14191780e-03 2.13610734e-03 2.13548000e-03 2.13441008e-03
 2.13143098e-03 2.12847548e-03 2.12068309e-03 2.11845980e-03
 2.11722001e-03 2.11319467e-03 2.11158992e-03 2.10603286e-03
 2.10541904e-03 2.10143748e-03 2.09873184e-03 2.09559390e-03
 2.09169757e-03 2.08924199e-03 2.08565428e-03 2.08220990e-03
 2.07950189e-03 2.07788575e-03 2.07632983e-03 2.07355019e-03
 2.07091371e-03 2.06650505e-03 2.06553084e-03 2.05979610e-03
 2.05752116e-03 2.05408089e-03 2.04747903e-03 2.04439893e-03
 2.04113571e-03 2.03762343e-03 2.03600948e-03 2.02907218e-03
 2.02701347e-03 2.02210904e-03 2.02039759e-03 2.01845302e-03
 2.01523424e-03 2.00858462e-03 2.00392874e-03 1.99639617e-03
 1.99393367e-03 1.99030493e-03 1.98899240e-03 1.98392368e-03
 1.97731006e-03 1.97579110e-03 1.96969550e-03 1.96794316e-03
 1.96528634e-03 1.95830150e-03 1.94752867e-03 1.94345003e-03
 1.93806889e-03 1.93470825e-03 1.92820789e-03 1.92578921e-03
 1.92126815e-03 1.91696252e-03 1.91235194e-03 1.90591777e-03
 1.90213200e-03 1.89079725e-03 1.88525599e-03 1.88085130e-03
 1.87383650e-03 1.87121516e-03 1.86188095e-03 1.85481381e-03
 1.84721558e-03 1.83105962e-03 1.81821345e-03 1.81036775e-03
 1.79899526e-03 1.78021770e-03 1.77153466e-03 1.75427106e-03
 1.73482558e-03 1.71055853e-03 1.69414189e-03 1.66439783e-03
 1.62159624e-03 1.61259066e-03 1.59420630e-03 1.58467869e-03
 1.54744667e-03 1.52754047e-03 1.49605940e-03 1.47909014e-03
 1.47135694e-03 1.41471345e-03 1.39834149e-03 1.33762367e-03
 1.32022416e-03 1.27830469e-03 1.22380326e-03 1.19661721e-03
 1.18590006e-03 1.15137675e-03 1.12729263e-03 1.08138028e-03
 1.07871693e-03 1.04414316e-03 1.00444673e-03 9.31758656e-04
 9.03864230e-04 8.45808026e-04 8.10103095e-04 7.77200284e-04
 7.44959069e-04 6.97061405e-04 6.69595508e-04 6.11529077e-04
 4.78161346e-04 4.18462888e-04 3.65882140e-04 2.75147866e-04
 2.42023378e-04 2.20093782e-04 2.00894683e-04 1.85468843e-04
 1.70890290e-04 1.44875390e-04 1.01814320e-04 1.00599123e-04
 8.31787535e-05 7.13119810e-05 5.48978556e-05 4.66805207e-05
 4.55001954e-05 3.76499238e-05 3.62176674e-05 3.11165021e-05
 3.00792492e-05 2.73459302e-05 2.54673401e-05 2.08898573e-05
 1.75509207e-05 1.54828446e-05 1.40632623e-05 1.31098339e-05
 9.59171006e-06 8.82491504e-06 6.53310204e-06 6.39803702e-06
 5.38792253e-06 5.12760671e-06 4.59061608e-06 3.76446074e-06
 3.63127580e-06 2.96222709e-06 2.43722666e-06 2.35314071e-06
 1.45455947e-06 1.04281122e-06 4.59853391e-07 2.88824563e-07
 2.08217996e-32 9.90940048e-33 4.47933807e-33 4.27305427e-33
 3.77319579e-33 3.61794574e-33 3.22351621e-33 3.20264074e-33
 2.80187844e-33 2.72772153e-33]
[2020-06-02 20:31:16,746] INFO - Feature Scaling for Ndarray......
[2020-06-02 20:31:17,150] INFO - Phase 03 completed successfully
[2020-06-02 20:31:17,151] INFO - Phase 04:Predicting......
[2020-06-02 20:31:17,353] INFO - Phase 04:Predicting Completed successfully
